25744: 22:28:11.697 - ---
25744: 22:28:11.697 - Service: "Photon Socket Server" starting
25744: 22:28:11.697 - Config File: D:\Roman\FWO\PhotonSDK\deploy\bin_Win32\PhotonServer.config
25744: 22:28:11.700 - Will produce at most: 10 crash dumps
25744: 22:28:11.700 - Action: run as exe
25744: 22:28:11.700 - Server Starting...
25744: 22:28:11.700 -    Tick count: 514115281 (wraps in: 43.7599 days)
25744: 22:28:11.700 - Tick count 64: 514115281
25744: 22:28:11.700 - Photon Version: 4.1.28.2936
25744: 22:28:11.700 - PID: 6740
25744: 22:28:11.700 - Config File: D:\Roman\FWO\PhotonSDK\deploy\bin_Win32\PhotonServer.config
25744: 22:28:11.701 - Will NOT log unimportant exceptions
25744: 22:28:11.703 - Not using performance counters as they are not currently installed. Run the service with /InstallCounters to install them.
25744: 22:28:11.703 - Shutdown timeout enabled: 30000ms
25744: 22:28:11.703 - Starting I/O thread pool with 2 threads
25744: 22:28:11.703 - Using Standard allocator
25744: 22:28:11.703 - Max message size: 512000
25744: 22:28:11.703 - Starting business logic thread pool with the following settings
25744: 22:28:11.703 - InitialThreads: 4 threads
25744: 22:28:11.703 - MinThreads: 4 threads
25744: 22:28:11.703 - Thread pool is fixed size
25744: 22:28:11.704 - Starting ENet thread pool with the following settings
25744: 22:28:11.704 - InitialThreads: 2 threads
25744: 22:28:11.704 - MinThreads: 2 threads
25744: 22:28:11.704 - Thread pool is fixed size
25744: 22:28:11.704 - OnlyDispatchTimers: False
25744: 22:28:11.704 - S2S: flow control: Max pending writes: 50
25744: 22:28:11.704 - S2S: flow control: Max queued buffers: 200
25744: 22:28:11.704 - S2S: flow control: Max pending writes MUX: 500
25744: 22:28:11.704 - S2S: flow control: Max queued buffers MUX: 2000
25744: 22:28:11.704 - S2S: MaxInboundMessageSize: 512000
25744: 22:28:11.704 - S2S: MaxOutboundMessageSize: 512000
25744: 22:28:11.704 - S2S: No inactivity timeout
25744: 22:28:11.723 - WebSocket S2S: MaxInboundMessageSize: 512000
25744: 22:28:11.723 - WebSocket S2S: MaxOutboundMessageSize: 512000
25744: 22:28:11.723 - WebSocket S2S: No inactivity timeout
25744: 22:28:11.723 - Max Reliable Data In Transit (awaiting ACKs) per peer : 51200 bytes
25744: 22:28:11.723 - Per peer bandwidth limit
25744: 22:28:11.723 - Transmit Rate Limit: 256 KB/Sec
25744: 22:28:11.723 - Limit period: 200ms
25744: 22:28:11.723 - Limit per period: 52428 bytes
25744: 22:28:11.723 - Max queued data for transmission per peer: 512000 bytes
25744: 22:28:11.723 - Minimum retransmit timeout: 200
25744: 22:28:11.723 - No Maximum retransmit timeout
25744: 22:28:11.723 - Minimum ENet timeout: 5000ms
25744: 22:28:11.723 - Maximum ENet timeout: 30000ms
25744: 22:28:11.723 - Max Inbound Reliable Data Queued (awaiting resends of earlier sequence numbers) per peer : 163840 bytes
25744: 22:28:11.723 - No RTT ACK adjustment timeout
25744: 22:28:11.723 - Outbound ENet: MaxInboundMessageSize: 512000
25744: 22:28:11.723 - Outbound ENet: MaxOutboundMessageSize: 512000
25744: 22:28:11.738 - GetRuntime - About to load CLR - versions available:
25744: 22:28:11.738 - v2.0.50727
25744: 22:28:11.738 - v4.0.30319
25744: 22:28:11.738 - Configuration requests: "v2.0.50727"
25744: 22:28:11.738 - About to load version: "v2.0.50727"
25744: 22:28:11.777 - About to load runtime: PhotonHostRuntime.PhotonDomainManager from PhotonHostRuntime, Culture=neutral, PublicKeyToken=02C301B61B060C4D
25744: 22:28:11.777 - CLRBaseDirectory set to "D:\Roman\FWO\PhotonSDK\deploy"
25744: 22:28:11.777 - Optimising event broadcast for 20 or more peers
25744: 22:28:11.778 - Start: About to load CLR - versions available:
25744: 22:28:11.778 - v2.0.50727
25744: 22:28:11.778 - v4.0.30319
25744: 22:28:11.778 - No preference in configuration file, will load latest.
25744: 22:28:11.778 - About to load version: "v4.0.30319"
25744: 22:28:11.780 - Loaded version: "v4.0.30319"
25744: 22:28:11.955 - Photon host runtime loaded
25744: 22:28:11.992 - ERROR: failed to load PhotonLicensing.dll. Going to shutdown.
25744: 22:28:11.992 - License has expired.
25744: 22:28:11.992 - Server shutting down...
25744: 22:28:11.992 - Shutdown monitoring enabled, 30000ms before process abort
25744: 22:28:11.992 - Notifying CLR applications of shutdown...
25744: 22:28:11.992 - RequestStop: defalt app domain
25744: 22:28:11.993 - Shutting down WebSocket Outbound Connection Manager...
25744: 22:28:11.993 - Shutting down TCP Outbound Connection Manager...
25744: 22:28:11.993 - Shutting down ENet Outbound Connection Manager...
25744: 22:28:11.993 - Disconnecting all outbound peers...
25744: 22:28:11.993 - Shutting down socket servers...
25744: 22:28:11.993 - Shutting down ENet thread pool...
25744: 22:28:11.993 - Shutting down TCP inactivity timers...
25744: 22:28:11.994 - Shutting down CLR applications...
25744: 22:28:11.994 - Shutting down business logic thread pool...
25744: 22:28:11.994 - Shutting down I/O thread pool...
25744: 22:28:11.994 - Destroying servers
25744: 22:28:11.994 - Destroying WebSocket Outbound Connection Manager
25744: 22:28:11.994 - Destroying TCP Outbound Connection Manager
25744: 22:28:11.994 - Destroying TCP inactivity timer
25744: 22:28:11.994 - Destroying ENet timer wheel
25744: 22:28:11.994 - Destroying ENet host
25744: 22:28:11.994 - Destroying ENet outbound host
25744: 22:28:11.994 - Destroying HTTP inactivity timer
25744: 22:28:11.994 - Destroying HTTP host
25744: 22:28:11.994 - Destroying HTTP Chunk host
25744: 22:28:11.994 - Flushing ENET buffer allocator...
25744: 22:28:11.994 - Flushing TCP buffer handle allocator...
25744: 22:28:11.994 - Flushing stream socket allocator...
25744: 22:28:11.994 - Flushing inbound datagram socket allocator...
25744: 22:28:11.994 - Flushing outbound datagram socket allocator...
25744: 22:28:11.994 - Destroying CLR dispatcher
25744: 22:28:11.994 - Destroying CLR applications
25744: 22:28:11.994 - ~CCLRApplicationCollection() - Waiting up to 10 seconds for the CLR to release all of our objects
25744: 22:28:11.994 - ~CCLRApplicationCollection() - Done. All objects released
25744: 22:28:11.995 - ~CManagedHost() - Release default app domain
25744: 22:28:11.995 - CManagedHost::OnDomainUnload() - 1
25744: 22:28:11.995 - ~CManagedHost() - Waiting up to 10 seconds for CLR shutdown...
25744: 22:28:11.995 - ~CManagedHost
25744: 22:28:11.995 - Destroying ENet thread pool
25744: 22:28:11.995 - Destroying Business logic thread pool
25744: 22:28:11.995 - Destroying I/O thread pool
25744: 22:28:11.995 - Destroying ENet buffer allocator
25744: 22:28:11.995 - Destroying TCP buffer allocator
25744: 22:28:11.995 - Destroying TCP socket allocator
25744: 22:28:11.995 - Destroying ENet inbound socket allocator
25744: 22:28:11.995 - Destroying ENet outbound socket allocator
25744: 22:28:11.995 - Destroying shared datagram flow control data
25744: 22:28:11.995 - Shutdown complete...
25744: 22:28:11.995 - Service shutting down: not licensed. Errorcode: 105
25744: 22:28:11.997 - Service shut down complete
