2018-03-26 18:54:29,127 [1] INFO  Photon.StarDust.Client.Program - Starting 5 games with 3 players
2018-03-26 18:54:29,568 [6] INFO  Photon.StarDust.Client.Program - [16024] Started game WHISPERQ-PC(16024)1 with 3 clients
2018-03-26 18:54:29,962 [6] INFO  Photon.StarDust.Client.Program - [16024] Started game WHISPERQ-PC(16024)2 with 3 clients
2018-03-26 18:54:30,142 [22] DEBUG Photon.StarDust.Client.Program - peers: 0, r-ev: 0, ur-ev: 0, r-op: 0, ur-op: 0, res: 0, r-rtt: 0, ur-rtt: 0, rtt: 0, var: 0, flsh-rtt: 0, flsh-ev 0, flsh-op 0
2018-03-26 18:54:30,425 [6] INFO  Photon.StarDust.Client.Program - [16024] Started game WHISPERQ-PC(16024)3 with 3 clients
2018-03-26 18:54:30,908 [6] INFO  Photon.StarDust.Client.Program - [16024] Started game WHISPERQ-PC(16024)4 with 3 clients
2018-03-26 18:54:31,138 [22] DEBUG Photon.StarDust.Client.Program - peers: 0, r-ev: 0, ur-ev: 0, r-op: 0, ur-op: 0, res: 0, r-rtt: 0, ur-rtt: 0, rtt: 0, var: 0, flsh-rtt: 0, flsh-ev 0, flsh-op 0
2018-03-26 18:54:31,423 [6] INFO  Photon.StarDust.Client.Program - [16024] Started game WHISPERQ-PC(16024)5 with 3 clients
2018-03-26 18:54:32,140 [6] DEBUG Photon.StarDust.Client.Program - peers: 0, r-ev: 0, ur-ev: 0, r-op: 0, ur-op: 0, res: 0, r-rtt: 0, ur-rtt: 0, rtt: 0, var: 0, flsh-rtt: 0, flsh-ev 0, flsh-op 0
2018-03-26 18:54:33,156 [43] DEBUG Photon.StarDust.Client.Program - peers: 0, r-ev: 0, ur-ev: 0, r-op: 0, ur-op: 0, res: 0, r-rtt: 0, ur-rtt: 0, rtt: 0, var: 0, flsh-rtt: 0, flsh-ev 0, flsh-op 0
2018-03-26 18:54:34,167 [50] DEBUG Photon.StarDust.Client.Program - peers: 0, r-ev: 0, ur-ev: 0, r-op: 0, ur-op: 0, res: 0, r-rtt: 0, ur-rtt: 0, rtt: 0, var: 0, flsh-rtt: 0, flsh-ev 0, flsh-op 0
2018-03-26 18:54:35,169 [32] DEBUG Photon.StarDust.Client.Program - peers: 0, r-ev: 0, ur-ev: 0, r-op: 0, ur-op: 0, res: 0, r-rtt: 0, ur-rtt: 0, rtt: 0, var: 0, flsh-rtt: 0, flsh-ev 0, flsh-op 0
2018-03-26 18:54:36,171 [39] DEBUG Photon.StarDust.Client.Program - peers: 0, r-ev: 0, ur-ev: 0, r-op: 0, ur-op: 0, res: 0, r-rtt: 0, ur-rtt: 0, rtt: 0, var: 0, flsh-rtt: 0, flsh-ev 0, flsh-op 0
2018-03-26 18:54:37,187 [17] DEBUG Photon.StarDust.Client.Program - peers: 0, r-ev: 0, ur-ev: 0, r-op: 0, ur-op: 0, res: 0, r-rtt: 0, ur-rtt: 0, rtt: 0, var: 0, flsh-rtt: 0, flsh-ev 0, flsh-op 0
2018-03-26 18:54:38,198 [23] DEBUG Photon.StarDust.Client.Program - peers: 0, r-ev: 0, ur-ev: 0, r-op: 0, ur-op: 0, res: 0, r-rtt: 0, ur-rtt: 0, rtt: 0, var: 0, flsh-rtt: 0, flsh-ev 0, flsh-op 0
2018-03-26 18:54:39,200 [23] DEBUG Photon.StarDust.Client.Program - peers: 0, r-ev: 0, ur-ev: 0, r-op: 0, ur-op: 0, res: 0, r-rtt: 0, ur-rtt: 0, rtt: 0, var: 0, flsh-rtt: 0, flsh-ev 0, flsh-op 0
2018-03-26 18:54:40,202 [35] DEBUG Photon.StarDust.Client.Program - peers: 0, r-ev: 0, ur-ev: 0, r-op: 0, ur-op: 0, res: 0, r-rtt: 0, ur-rtt: 0, rtt: 0, var: 0, flsh-rtt: 0, flsh-ev 0, flsh-op 0
2018-03-26 18:54:41,218 [10] DEBUG Photon.StarDust.Client.Program - peers: 0, r-ev: 0, ur-ev: 0, r-op: 0, ur-op: 0, res: 0, r-rtt: 0, ur-rtt: 0, rtt: 0, var: 0, flsh-rtt: 0, flsh-ev 0, flsh-op 0
2018-03-26 18:54:42,234 [5] DEBUG Photon.StarDust.Client.Program - peers: 0, r-ev: 0, ur-ev: 0, r-op: 0, ur-op: 0, res: 0, r-rtt: 0, ur-rtt: 0, rtt: 0, var: 0, flsh-rtt: 0, flsh-ev 0, flsh-op 0
2018-03-26 18:54:43,245 [45] DEBUG Photon.StarDust.Client.Program - peers: 0, r-ev: 0, ur-ev: 0, r-op: 0, ur-op: 0, res: 0, r-rtt: 0, ur-rtt: 0, rtt: 0, var: 0, flsh-rtt: 0, flsh-ev 0, flsh-op 0
2018-03-26 18:54:44,247 [17] DEBUG Photon.StarDust.Client.Program - peers: 0, r-ev: 0, ur-ev: 0, r-op: 0, ur-op: 0, res: 0, r-rtt: 0, ur-rtt: 0, rtt: 0, var: 0, flsh-rtt: 0, flsh-ev 0, flsh-op 0
2018-03-26 18:54:45,249 [50] DEBUG Photon.StarDust.Client.Program - peers: 0, r-ev: 0, ur-ev: 0, r-op: 0, ur-op: 0, res: 0, r-rtt: 0, ur-rtt: 0, rtt: 0, var: 0, flsh-rtt: 0, flsh-ev 0, flsh-op 0
2018-03-26 18:54:46,265 [50] DEBUG Photon.StarDust.Client.Program - peers: 0, r-ev: 0, ur-ev: 0, r-op: 0, ur-op: 0, res: 0, r-rtt: 0, ur-rtt: 0, rtt: 0, var: 0, flsh-rtt: 0, flsh-ev 0, flsh-op 0
2018-03-26 18:54:47,281 [20] DEBUG Photon.StarDust.Client.Program - peers: 0, r-ev: 0, ur-ev: 0, r-op: 0, ur-op: 0, res: 0, r-rtt: 0, ur-rtt: 0, rtt: 0, var: 0, flsh-rtt: 0, flsh-ev 0, flsh-op 0
2018-03-26 18:54:48,292 [15] DEBUG Photon.StarDust.Client.Program - peers: 0, r-ev: 0, ur-ev: 0, r-op: 0, ur-op: 0, res: 0, r-rtt: 0, ur-rtt: 0, rtt: 0, var: 0, flsh-rtt: 0, flsh-ev 0, flsh-op 0
2018-03-26 18:54:49,294 [40] DEBUG Photon.StarDust.Client.Program - peers: 0, r-ev: 0, ur-ev: 0, r-op: 0, ur-op: 0, res: 0, r-rtt: 0, ur-rtt: 0, rtt: 0, var: 0, flsh-rtt: 0, flsh-ev 0, flsh-op 0
2018-03-26 18:54:50,296 [16] DEBUG Photon.StarDust.Client.Program - peers: 0, r-ev: 0, ur-ev: 0, r-op: 0, ur-op: 0, res: 0, r-rtt: 0, ur-rtt: 0, rtt: 0, var: 0, flsh-rtt: 0, flsh-ev 0, flsh-op 0
2018-03-26 18:54:51,312 [43] DEBUG Photon.StarDust.Client.Program - peers: 0, r-ev: 0, ur-ev: 0, r-op: 0, ur-op: 0, res: 0, r-rtt: 0, ur-rtt: 0, rtt: 0, var: 0, flsh-rtt: 0, flsh-ev 0, flsh-op 0
2018-03-26 18:54:52,323 [37] DEBUG Photon.StarDust.Client.Program - peers: 0, r-ev: 0, ur-ev: 0, r-op: 0, ur-op: 0, res: 0, r-rtt: 0, ur-rtt: 0, rtt: 0, var: 0, flsh-rtt: 0, flsh-ev 0, flsh-op 0
2018-03-26 18:54:53,325 [43] DEBUG Photon.StarDust.Client.Program - peers: 0, r-ev: 0, ur-ev: 0, r-op: 0, ur-op: 0, res: 0, r-rtt: 0, ur-rtt: 0, rtt: 0, var: 0, flsh-rtt: 0, flsh-ev 0, flsh-op 0
2018-03-26 18:54:54,330 [12] DEBUG Photon.StarDust.Client.Program - peers: 0, r-ev: 0, ur-ev: 0, r-op: 0, ur-op: 0, res: 0, r-rtt: 0, ur-rtt: 0, rtt: 0, var: 0, flsh-rtt: 0, flsh-ev 0, flsh-op 0
2018-03-26 18:54:55,343 [21] DEBUG Photon.StarDust.Client.Program - peers: 0, r-ev: 0, ur-ev: 0, r-op: 0, ur-op: 0, res: 0, r-rtt: 0, ur-rtt: 0, rtt: 0, var: 0, flsh-rtt: 0, flsh-ev 0, flsh-op 0
2018-03-26 18:54:56,359 [23] DEBUG Photon.StarDust.Client.Program - peers: 0, r-ev: 0, ur-ev: 0, r-op: 0, ur-op: 0, res: 0, r-rtt: 0, ur-rtt: 0, rtt: 0, var: 0, flsh-rtt: 0, flsh-ev 0, flsh-op 0
2018-03-26 18:54:57,370 [36] DEBUG Photon.StarDust.Client.Program - peers: 0, r-ev: 0, ur-ev: 0, r-op: 0, ur-op: 0, res: 0, r-rtt: 0, ur-rtt: 0, rtt: 0, var: 0, flsh-rtt: 0, flsh-ev 0, flsh-op 0
2018-03-26 18:54:58,372 [11] DEBUG Photon.StarDust.Client.Program - peers: 0, r-ev: 0, ur-ev: 0, r-op: 0, ur-op: 0, res: 0, r-rtt: 0, ur-rtt: 0, rtt: 0, var: 0, flsh-rtt: 0, flsh-ev 0, flsh-op 0
2018-03-26 18:54:59,374 [20] DEBUG Photon.StarDust.Client.Program - peers: 0, r-ev: 0, ur-ev: 0, r-op: 0, ur-op: 0, res: 0, r-rtt: 0, ur-rtt: 0, rtt: 0, var: 0, flsh-rtt: 0, flsh-ev 0, flsh-op 0
2018-03-26 18:55:00,390 [40] DEBUG Photon.StarDust.Client.Program - peers: 0, r-ev: 0, ur-ev: 0, r-op: 0, ur-op: 0, res: 0, r-rtt: 0, ur-rtt: 0, rtt: 0, var: 0, flsh-rtt: 0, flsh-ev 0, flsh-op 0
2018-03-26 18:55:01,406 [11] DEBUG Photon.StarDust.Client.Program - peers: 0, r-ev: 0, ur-ev: 0, r-op: 0, ur-op: 0, res: 0, r-rtt: 0, ur-rtt: 0, rtt: 0, var: 0, flsh-rtt: 0, flsh-ev 0, flsh-op 0
2018-03-26 18:55:02,417 [5] DEBUG Photon.StarDust.Client.Program - peers: 0, r-ev: 0, ur-ev: 0, r-op: 0, ur-op: 0, res: 0, r-rtt: 0, ur-rtt: 0, rtt: 0, var: 0, flsh-rtt: 0, flsh-ev 0, flsh-op 0
2018-03-26 18:55:03,419 [39] DEBUG Photon.StarDust.Client.Program - peers: 0, r-ev: 0, ur-ev: 0, r-op: 0, ur-op: 0, res: 0, r-rtt: 0, ur-rtt: 0, rtt: 0, var: 0, flsh-rtt: 0, flsh-ev 0, flsh-op 0
2018-03-26 18:55:04,421 [10] DEBUG Photon.StarDust.Client.Program - peers: 0, r-ev: 0, ur-ev: 0, r-op: 0, ur-op: 0, res: 0, r-rtt: 0, ur-rtt: 0, rtt: 0, var: 0, flsh-rtt: 0, flsh-ev 0, flsh-op 0
2018-03-26 18:55:05,437 [15] DEBUG Photon.StarDust.Client.Program - peers: 0, r-ev: 0, ur-ev: 0, r-op: 0, ur-op: 0, res: 0, r-rtt: 0, ur-rtt: 0, rtt: 0, var: 0, flsh-rtt: 0, flsh-ev 0, flsh-op 0
2018-03-26 18:55:06,448 [37] DEBUG Photon.StarDust.Client.Program - peers: 0, r-ev: 0, ur-ev: 0, r-op: 0, ur-op: 0, res: 0, r-rtt: 0, ur-rtt: 0, rtt: 0, var: 0, flsh-rtt: 0, flsh-ev 0, flsh-op 0
2018-03-26 18:55:07,450 [24] DEBUG Photon.StarDust.Client.Program - peers: 0, r-ev: 0, ur-ev: 0, r-op: 0, ur-op: 0, res: 0, r-rtt: 0, ur-rtt: 0, rtt: 0, var: 0, flsh-rtt: 0, flsh-ev 0, flsh-op 0
2018-03-26 18:55:08,452 [37] DEBUG Photon.StarDust.Client.Program - peers: 0, r-ev: 0, ur-ev: 0, r-op: 0, ur-op: 0, res: 0, r-rtt: 0, ur-rtt: 0, rtt: 0, var: 0, flsh-rtt: 0, flsh-ev 0, flsh-op 0
2018-03-26 18:55:09,468 [47] DEBUG Photon.StarDust.Client.Program - peers: 0, r-ev: 0, ur-ev: 0, r-op: 0, ur-op: 0, res: 0, r-rtt: 0, ur-rtt: 0, rtt: 0, var: 0, flsh-rtt: 0, flsh-ev 0, flsh-op 0
2018-03-26 18:55:10,484 [23] DEBUG Photon.StarDust.Client.Program - peers: 0, r-ev: 0, ur-ev: 0, r-op: 0, ur-op: 0, res: 0, r-rtt: 0, ur-rtt: 0, rtt: 0, var: 0, flsh-rtt: 0, flsh-ev 0, flsh-op 0
2018-03-26 18:55:11,495 [40] DEBUG Photon.StarDust.Client.Program - peers: 0, r-ev: 0, ur-ev: 0, r-op: 0, ur-op: 0, res: 0, r-rtt: 0, ur-rtt: 0, rtt: 0, var: 0, flsh-rtt: 0, flsh-ev 0, flsh-op 0
2018-03-26 18:55:12,497 [23] DEBUG Photon.StarDust.Client.Program - peers: 0, r-ev: 0, ur-ev: 0, r-op: 0, ur-op: 0, res: 0, r-rtt: 0, ur-rtt: 0, rtt: 0, var: 0, flsh-rtt: 0, flsh-ev 0, flsh-op 0
2018-03-26 18:55:13,499 [17] DEBUG Photon.StarDust.Client.Program - peers: 0, r-ev: 0, ur-ev: 0, r-op: 0, ur-op: 0, res: 0, r-rtt: 0, ur-rtt: 0, rtt: 0, var: 0, flsh-rtt: 0, flsh-ev 0, flsh-op 0
2018-03-26 18:55:14,500 [39] DEBUG Photon.StarDust.Client.Program - peers: 0, r-ev: 0, ur-ev: 0, r-op: 0, ur-op: 0, res: 0, r-rtt: 0, ur-rtt: 0, rtt: 0, var: 0, flsh-rtt: 0, flsh-ev 0, flsh-op 0
2018-03-26 18:55:15,511 [47] DEBUG Photon.StarDust.Client.Program - peers: 0, r-ev: 0, ur-ev: 0, r-op: 0, ur-op: 0, res: 0, r-rtt: 0, ur-rtt: 0, rtt: 0, var: 0, flsh-rtt: 0, flsh-ev 0, flsh-op 0
2018-03-26 18:55:16,513 [50] DEBUG Photon.StarDust.Client.Program - peers: 0, r-ev: 0, ur-ev: 0, r-op: 0, ur-op: 0, res: 0, r-rtt: 0, ur-rtt: 0, rtt: 0, var: 0, flsh-rtt: 0, flsh-ev 0, flsh-op 0
2018-03-26 18:55:17,515 [6] DEBUG Photon.StarDust.Client.Program - peers: 0, r-ev: 0, ur-ev: 0, r-op: 0, ur-op: 0, res: 0, r-rtt: 0, ur-rtt: 0, rtt: 0, var: 0, flsh-rtt: 0, flsh-ev 0, flsh-op 0
2018-03-26 18:55:18,531 [39] DEBUG Photon.StarDust.Client.Program - peers: 0, r-ev: 0, ur-ev: 0, r-op: 0, ur-op: 0, res: 0, r-rtt: 0, ur-rtt: 0, rtt: 0, var: 0, flsh-rtt: 0, flsh-ev 0, flsh-op 0
2018-03-26 18:55:19,542 [38] DEBUG Photon.StarDust.Client.Program - peers: 0, r-ev: 0, ur-ev: 0, r-op: 0, ur-op: 0, res: 0, r-rtt: 0, ur-rtt: 0, rtt: 0, var: 0, flsh-rtt: 0, flsh-ev 0, flsh-op 0
2018-03-26 18:55:20,544 [12] DEBUG Photon.StarDust.Client.Program - peers: 0, r-ev: 0, ur-ev: 0, r-op: 0, ur-op: 0, res: 0, r-rtt: 0, ur-rtt: 0, rtt: 0, var: 0, flsh-rtt: 0, flsh-ev 0, flsh-op 0
2018-03-26 18:55:21,546 [48] DEBUG Photon.StarDust.Client.Program - peers: 0, r-ev: 0, ur-ev: 0, r-op: 0, ur-op: 0, res: 0, r-rtt: 0, ur-rtt: 0, rtt: 0, var: 0, flsh-rtt: 0, flsh-ev 0, flsh-op 0
2018-03-26 18:55:22,562 [44] DEBUG Photon.StarDust.Client.Program - peers: 0, r-ev: 0, ur-ev: 0, r-op: 0, ur-op: 0, res: 0, r-rtt: 0, ur-rtt: 0, rtt: 0, var: 0, flsh-rtt: 0, flsh-ev 0, flsh-op 0
2018-03-26 18:55:23,573 [37] DEBUG Photon.StarDust.Client.Program - peers: 0, r-ev: 0, ur-ev: 0, r-op: 0, ur-op: 0, res: 0, r-rtt: 0, ur-rtt: 0, rtt: 0, var: 0, flsh-rtt: 0, flsh-ev 0, flsh-op 0
2018-03-26 18:55:24,575 [23] DEBUG Photon.StarDust.Client.Program - peers: 0, r-ev: 0, ur-ev: 0, r-op: 0, ur-op: 0, res: 0, r-rtt: 0, ur-rtt: 0, rtt: 0, var: 0, flsh-rtt: 0, flsh-ev 0, flsh-op 0
2018-03-26 18:55:25,577 [12] DEBUG Photon.StarDust.Client.Program - peers: 0, r-ev: 0, ur-ev: 0, r-op: 0, ur-op: 0, res: 0, r-rtt: 0, ur-rtt: 0, rtt: 0, var: 0, flsh-rtt: 0, flsh-ev 0, flsh-op 0
2018-03-26 18:55:26,593 [6] DEBUG Photon.StarDust.Client.Program - peers: 0, r-ev: 0, ur-ev: 0, r-op: 0, ur-op: 0, res: 0, r-rtt: 0, ur-rtt: 0, rtt: 0, var: 0, flsh-rtt: 0, flsh-ev 0, flsh-op 0
2018-03-26 18:55:27,609 [34] DEBUG Photon.StarDust.Client.Program - peers: 0, r-ev: 0, ur-ev: 0, r-op: 0, ur-op: 0, res: 0, r-rtt: 0, ur-rtt: 0, rtt: 0, var: 0, flsh-rtt: 0, flsh-ev 0, flsh-op 0
2018-03-26 18:55:28,620 [5] DEBUG Photon.StarDust.Client.Program - peers: 0, r-ev: 0, ur-ev: 0, r-op: 0, ur-op: 0, res: 0, r-rtt: 0, ur-rtt: 0, rtt: 0, var: 0, flsh-rtt: 0, flsh-ev 0, flsh-op 0
2018-03-26 18:55:29,389 [41] ERROR Photon.StarDust.Client.Connections.ClientConnection - 62321757: Receive issue. State: Connected Exception: System.Net.Sockets.SocketException (0x80004005): Удаленный хост принудительно разорвал существующее подключение
   в System.Net.Sockets.Socket.Receive(Byte[] buffer, Int32 offset, Int32 size, SocketFlags socketFlags)
   в System.Net.Sockets.Socket.Receive(Byte[] buffer)
   в ExitGames.Client.Photon.SocketUdp.ReceiveLoop() 
2018-03-26 18:55:29,389 [43] ERROR Photon.StarDust.Client.Connections.ClientConnection - 62664110: Receive issue. State: Connected Exception: System.Net.Sockets.SocketException (0x80004005): Удаленный хост принудительно разорвал существующее подключение
   в System.Net.Sockets.Socket.Receive(Byte[] buffer, Int32 offset, Int32 size, SocketFlags socketFlags)
   в System.Net.Sockets.Socket.Receive(Byte[] buffer)
   в ExitGames.Client.Photon.SocketUdp.ReceiveLoop() 
2018-03-26 18:55:29,390 [13] ERROR Photon.StarDust.Client.Connections.ClientConnection - 58366981: Receive issue. State: Connected Exception: System.Net.Sockets.SocketException (0x80004005): Удаленный хост принудительно разорвал существующее подключение
   в System.Net.Sockets.Socket.Receive(Byte[] buffer, Int32 offset, Int32 size, SocketFlags socketFlags)
   в System.Net.Sockets.Socket.Receive(Byte[] buffer)
   в ExitGames.Client.Photon.SocketUdp.ReceiveLoop() 
2018-03-26 18:55:29,390 [5] ERROR Photon.StarDust.Client.Connections.ClientConnection - 4032828: Receive issue. State: Connected Exception: System.Net.Sockets.SocketException (0x80004005): Удаленный хост принудительно разорвал существующее подключение
   в System.Net.Sockets.Socket.Receive(Byte[] buffer, Int32 offset, Int32 size, SocketFlags socketFlags)
   в System.Net.Sockets.Socket.Receive(Byte[] buffer)
   в ExitGames.Client.Photon.SocketUdp.ReceiveLoop() 
2018-03-26 18:55:29,390 [11] ERROR Photon.StarDust.Client.Connections.ClientConnection - 39086322: Receive issue. State: Connected Exception: System.Net.Sockets.SocketException (0x80004005): Удаленный хост принудительно разорвал существующее подключение
   в System.Net.Sockets.Socket.Receive(Byte[] buffer, Int32 offset, Int32 size, SocketFlags socketFlags)
   в System.Net.Sockets.Socket.Receive(Byte[] buffer)
   в ExitGames.Client.Photon.SocketUdp.ReceiveLoop() 
2018-03-26 18:55:29,390 [38] ERROR Photon.StarDust.Client.Connections.ClientConnection - 36637524: Receive issue. State: Connected Exception: System.Net.Sockets.SocketException (0x80004005): Удаленный хост принудительно разорвал существующее подключение
   в System.Net.Sockets.Socket.Receive(Byte[] buffer, Int32 offset, Int32 size, SocketFlags socketFlags)
   в System.Net.Sockets.Socket.Receive(Byte[] buffer)
   в ExitGames.Client.Photon.SocketUdp.ReceiveLoop() 
2018-03-26 18:55:29,389 [34] ERROR Photon.StarDust.Client.Connections.ClientConnection - 4952560: Receive issue. State: Connected Exception: System.Net.Sockets.SocketException (0x80004005): Удаленный хост принудительно разорвал существующее подключение
   в System.Net.Sockets.Socket.Receive(Byte[] buffer, Int32 offset, Int32 size, SocketFlags socketFlags)
   в System.Net.Sockets.Socket.Receive(Byte[] buffer)
   в ExitGames.Client.Photon.SocketUdp.ReceiveLoop() 
2018-03-26 18:55:29,390 [23] ERROR Photon.StarDust.Client.Connections.ClientConnection - 31787101: Receive issue. State: Connected Exception: System.Net.Sockets.SocketException (0x80004005): Удаленный хост принудительно разорвал существующее подключение
   в System.Net.Sockets.Socket.Receive(Byte[] buffer, Int32 offset, Int32 size, SocketFlags socketFlags)
   в System.Net.Sockets.Socket.Receive(Byte[] buffer)
   в ExitGames.Client.Photon.SocketUdp.ReceiveLoop() 
2018-03-26 18:55:29,390 [47] ERROR Photon.StarDust.Client.Connections.ClientConnection - 35232816: Receive issue. State: Connected Exception: System.Net.Sockets.SocketException (0x80004005): Удаленный хост принудительно разорвал существующее подключение
   в System.Net.Sockets.Socket.Receive(Byte[] buffer, Int32 offset, Int32 size, SocketFlags socketFlags)
   в System.Net.Sockets.Socket.Receive(Byte[] buffer)
   в ExitGames.Client.Photon.SocketUdp.ReceiveLoop() 
2018-03-26 18:55:29,390 [40] ERROR Photon.StarDust.Client.Connections.ClientConnection - 25727626: Receive issue. State: Connected Exception: System.Net.Sockets.SocketException (0x80004005): Удаленный хост принудительно разорвал существующее подключение
   в System.Net.Sockets.Socket.Receive(Byte[] buffer, Int32 offset, Int32 size, SocketFlags socketFlags)
   в System.Net.Sockets.Socket.Receive(Byte[] buffer)
   в ExitGames.Client.Photon.SocketUdp.ReceiveLoop() 
2018-03-26 18:55:29,390 [48] ERROR Photon.StarDust.Client.Connections.ClientConnection - 15133085: Receive issue. State: Connected Exception: System.Net.Sockets.SocketException (0x80004005): Удаленный хост принудительно разорвал существующее подключение
   в System.Net.Sockets.Socket.Receive(Byte[] buffer, Int32 offset, Int32 size, SocketFlags socketFlags)
   в System.Net.Sockets.Socket.Receive(Byte[] buffer)
   в ExitGames.Client.Photon.SocketUdp.ReceiveLoop() 
2018-03-26 18:55:29,390 [18] ERROR Photon.StarDust.Client.Connections.ClientConnection - 6451435: Receive issue. State: Connected Exception: System.Net.Sockets.SocketException (0x80004005): Удаленный хост принудительно разорвал существующее подключение
   в System.Net.Sockets.Socket.Receive(Byte[] buffer, Int32 offset, Int32 size, SocketFlags socketFlags)
   в System.Net.Sockets.Socket.Receive(Byte[] buffer)
   в ExitGames.Client.Photon.SocketUdp.ReceiveLoop() 
2018-03-26 18:55:29,390 [33] ERROR Photon.StarDust.Client.Connections.ClientConnection - 34478086: Receive issue. State: Connected Exception: System.Net.Sockets.SocketException (0x80004005): Удаленный хост принудительно разорвал существующее подключение
   в System.Net.Sockets.Socket.Receive(Byte[] buffer, Int32 offset, Int32 size, SocketFlags socketFlags)
   в System.Net.Sockets.Socket.Receive(Byte[] buffer)
   в ExitGames.Client.Photon.SocketUdp.ReceiveLoop() 
2018-03-26 18:55:29,390 [24] ERROR Photon.StarDust.Client.Connections.ClientConnection - 11865849: Receive issue. State: Connected Exception: System.Net.Sockets.SocketException (0x80004005): Удаленный хост принудительно разорвал существующее подключение
   в System.Net.Sockets.Socket.Receive(Byte[] buffer, Int32 offset, Int32 size, SocketFlags socketFlags)
   в System.Net.Sockets.Socket.Receive(Byte[] buffer)
   в ExitGames.Client.Photon.SocketUdp.ReceiveLoop() 
2018-03-26 18:55:29,390 [12] ERROR Photon.StarDust.Client.Connections.ClientConnection - 20974680: Receive issue. State: Connected Exception: System.Net.Sockets.SocketException (0x80004005): Удаленный хост принудительно разорвал существующее подключение
   в System.Net.Sockets.Socket.Receive(Byte[] buffer, Int32 offset, Int32 size, SocketFlags socketFlags)
   в System.Net.Sockets.Socket.Receive(Byte[] buffer)
   в ExitGames.Client.Photon.SocketUdp.ReceiveLoop() 
2018-03-26 18:55:29,622 [15] DEBUG Photon.StarDust.Client.Program - peers: 0, r-ev: 0, ur-ev: 0, r-op: 0, ur-op: 0, res: 0, r-rtt: 0, ur-rtt: 0, rtt: 0, var: 0, flsh-rtt: 0, flsh-ev 0, flsh-op 0
