53440: 15:47:15.728 - ---
53440: 15:47:15.728 - Service: "Photon Socket Server" starting
53440: 15:47:15.728 - Config File: D:\Roman\FWO\PhotonSDK\deploy\bin_Win64\PhotonServer.config
53440: 15:47:15.730 - Will produce at most: 10 crash dumps
53440: 15:47:15.730 - Service shutting down
53440: 15:47:15.733 - Service shut down complete
54384: 16:59:19.256 - ---
54384: 16:59:19.256 - Service: "Photon Socket Server" starting
54384: 16:59:19.257 - Config File: D:\Roman\FWO\PhotonSDK\deploy\bin_Win64\PhotonServer.config
54384: 16:59:19.260 - Will produce at most: 10 crash dumps
54384: 16:59:19.260 - Service shutting down
54384: 16:59:19.267 - Service shut down complete
54300: 17:03:18.340 - ---
54300: 17:03:18.340 - Service: "Photon Socket Server" starting
54300: 17:03:18.340 - Config File: D:\Roman\FWO\PhotonSDK\deploy\bin_Win64\PhotonServer.config
54300: 17:03:18.342 - Will produce at most: 10 crash dumps
54300: 17:03:18.342 - Service shutting down
54300: 17:03:18.345 - Service shut down complete
15796: 17:06:31.829 - ---
15796: 17:06:31.829 - Service: "Photon Socket Server" starting
15796: 17:06:31.829 - Config File: D:\Roman\FWO\PhotonSDK\deploy\bin_Win64\PhotonServer.config
15796: 17:06:31.833 - Will produce at most: 10 crash dumps
15796: 17:06:31.833 - Service shutting down
15796: 17:06:31.838 - Service shut down complete
17016: 17:07:49.568 - ---
17016: 17:07:49.568 - Service: "Photon Socket Server" starting
17016: 17:07:49.568 - Config File: D:\Roman\FWO\PhotonSDK\deploy\bin_Win64\PhotonServer.config
17016: 17:07:49.571 - Will produce at most: 10 crash dumps
17016: 17:07:49.571 - Service shutting down
17016: 17:07:49.573 - Service shut down complete
51240: 18:26:29.255 - ---
51240: 18:26:29.255 - Service: "Photon Socket Server" starting
51240: 18:26:29.256 - Config File: D:\Roman\FWO\PhotonSDK\deploy\bin_Win64\PhotonServer.config
51240: 18:26:29.258 - Will produce at most: 10 crash dumps
51240: 18:26:29.258 - Service shutting down
51240: 18:26:29.261 - Service shut down complete
56448: 18:37:39.152 - ---
56448: 18:37:39.152 - Service: "Photon Socket Server" starting
56448: 18:37:39.152 - Config File: D:\Roman\FWO\PhotonSDK\deploy\bin_Win64\PhotonServer.config
56448: 18:37:39.154 - Will produce at most: 10 crash dumps
56448: 18:37:39.154 - Service shutting down
56448: 18:37:39.158 - Service shut down complete
51788: 19:01:30.651 - ---
51788: 19:01:30.651 - Service: "Photon Socket Server" starting
51788: 19:01:30.651 - Config File: D:\Roman\FWO\PhotonSDK\deploy\bin_Win64\PhotonServer.config
51788: 19:01:30.653 - Will produce at most: 10 crash dumps
51788: 19:01:30.653 - Service shutting down
51788: 19:01:30.656 - Service shut down complete
60120: 19:59:14.079 - ---
60120: 19:59:14.079 - Service: "Photon Socket Server" starting
60120: 19:59:14.079 - Config File: D:\Roman\FWO\PhotonSDK\deploy\bin_Win64\PhotonServer.config
60120: 19:59:14.081 - Will produce at most: 10 crash dumps
60120: 19:59:14.081 - Service shutting down
60120: 19:59:14.084 - Service shut down complete
