18424: 18:06:01.701 - ---
18424: 18:06:01.701 - Service: "Photon Socket Server" starting
18424: 18:06:01.701 - Config File: D:\Roman\FWO\PhotonSDK\deploy\bin_Win64\PhotonServer.config
18424: 18:06:01.724 - Will produce at most: 10 crash dumps
18424: 18:06:01.724 - Action: run as exe
18424: 18:06:01.725 - Server Starting...
18424: 18:06:01.725 -    Tick count: 104782562 (wraps in: 48.4975 days)
18424: 18:06:01.725 - Tick count 64: 104782562
18424: 18:06:01.725 - Photon Version: 4.0.28.2962
18424: 18:06:01.725 - PID: 23436
18424: 18:06:01.725 - Config File: D:\Roman\FWO\PhotonSDK\deploy\bin_Win64\PhotonServer.config
18424: 18:06:01.726 - Will NOT log unimportant exceptions
18424: 18:06:01.729 - Not using performance counters as they are not currently installed. Run the service with /InstallCounters to install them.
18424: 18:06:01.729 - Shutdown timeout enabled: 30000ms
18424: 18:06:01.729 - Starting I/O thread pool with 2 threads
18424: 18:06:01.729 - Using Standard allocator
18424: 18:06:01.729 - Max message size: 512000
18424: 18:06:01.729 - Starting business logic thread pool with the following settings
18424: 18:06:01.729 - InitialThreads: 4 threads
18424: 18:06:01.729 - MinThreads: 4 threads
18424: 18:06:01.729 - Thread pool is fixed size
18424: 18:06:01.729 - Starting ENet thread pool with the following settings
18424: 18:06:01.729 - InitialThreads: 2 threads
18424: 18:06:01.729 - MinThreads: 2 threads
18424: 18:06:01.729 - Thread pool is fixed size
18424: 18:06:01.729 - OnlyDispatchTimers: False
18424: 18:06:01.730 - S2S: flow control: Max pending writes: 50
18424: 18:06:01.730 - S2S: flow control: Max queued buffers: 200
18424: 18:06:01.730 - S2S: flow control: Max pending writes MUX: 500
18424: 18:06:01.730 - S2S: flow control: Max queued buffers MUX: 2000
18424: 18:06:01.730 - S2S: MaxInboundMessageSize: 512000
18424: 18:06:01.730 - S2S: MaxOutboundMessageSize: 512000
18424: 18:06:01.730 - S2S: No inactivity timeout
18424: 18:06:01.744 - WebSocket S2S: MaxInboundMessageSize: 512000
18424: 18:06:01.744 - WebSocket S2S: MaxOutboundMessageSize: 512000
18424: 18:06:01.744 - WebSocket S2S: No inactivity timeout
18424: 18:06:01.744 - Max Reliable Data In Transit (awaiting ACKs) per peer : 51200 bytes
18424: 18:06:01.744 - Per peer bandwidth limit
18424: 18:06:01.744 - Transmit Rate Limit: 256 KB/Sec
18424: 18:06:01.744 - Limit period: 200ms
18424: 18:06:01.744 - Limit per period: 52428 bytes
18424: 18:06:01.744 - Max queued data for transmission per peer: 512000 bytes
18424: 18:06:01.744 - Minimum retransmit timeout: 200
18424: 18:06:01.744 - No Maximum retransmit timeout
18424: 18:06:01.744 - Minimum ENet timeout: 5000ms
18424: 18:06:01.744 - Maximum ENet timeout: 30000ms
18424: 18:06:01.744 - Max Inbound Reliable Data Queued (awaiting resends of earlier sequence numbers) per peer : 163840 bytes
18424: 18:06:01.744 - No RTT ACK adjustment timeout
18424: 18:06:01.744 - Outbound ENet: MaxInboundMessageSize: 512000
18424: 18:06:01.744 - Outbound ENet: MaxOutboundMessageSize: 512000
18424: 18:06:01.750 - GetRuntime - About to load CLR - versions available:
18424: 18:06:01.750 - v2.0.50727
18424: 18:06:01.750 - v4.0.30319
18424: 18:06:01.750 - Configuration requests: "v2.0.50727"
18424: 18:06:01.750 - About to load version: "v2.0.50727"
18424: 18:06:01.933 - About to load runtime: PhotonHostRuntime.PhotonDomainManager from PhotonHostRuntime, Culture=neutral, PublicKeyToken=02C301B61B060C4D
18424: 18:06:01.933 - CLRBaseDirectory set to "D:\Roman\FWO\PhotonSDK\deploy"
18424: 18:06:01.933 - Optimising event broadcast for 20 or more peers
18424: 18:06:01.934 - Start: About to load CLR - versions available:
18424: 18:06:01.934 - v2.0.50727
18424: 18:06:01.934 - v4.0.30319
18424: 18:06:01.934 - No preference in configuration file, will load latest.
18424: 18:06:01.934 - About to load version: "v4.0.30319"
18424: 18:06:01.937 - Loaded version: "v4.0.30319"
18424: 18:06:02.589 - Photon host runtime loaded
18424: 18:06:05.376 - License is valid.
18424: 18:06:05.376 - Licensed for 100 concurrent connections.
18424: 18:06:05.376 - ENet: Max Reliable Data In Transit (awaiting ACKs) per peer : 51200 bytes
18424: 18:06:05.376 - ENet: Per peer bandwidth limit
18424: 18:06:05.376 - ENet: Transmit Rate Limit: 256 KB/Sec
18424: 18:06:05.376 - ENet: Limit period: 200ms
18424: 18:06:05.376 - ENet: Limit per period: 52428 bytes
18424: 18:06:05.376 - ENet: Max queued data for transmission per peer: 512000 bytes
18424: 18:06:05.376 - ENet: Minimum retransmit timeout: 200
18424: 18:06:05.376 - No Maximum retransmit timeout
18424: 18:06:05.376 - ENet: Minimum timeout: 5000ms
18424: 18:06:05.376 - ENet: Maximum timeout: 30000ms
18424: 18:06:05.376 - ENet: Max Inbound Reliable Data Queued (awaiting resends of earlier sequence numbers) per peer : 163840 bytes
18424: 18:06:05.376 - No RTT ACK adjustment timeout
18424: 18:06:05.376 - About to load application: ProxyServer from MGF.Photon
18424: 18:06:05.376 - Auto restart is enabled for application, existing connections will be terminated during restart
18424: 18:06:05.376 - Application will restart 1000ms after the last change detected
18424: 18:06:05.376 - Application will restart if files matching the following are changed: "dll;config"
18424: 18:06:05.376 - Application will NOT restart if files matching the following are changed: "log4net.config"
18424: 18:06:06.006 - Taking reference on default app domain
18424: 18:06:06.333 - Application: "ProxyServer" started in app domain: 2
18424: 18:06:06.333 - About to load application: LoginServer from MGF.Photon
18424: 18:06:06.333 - Auto restart is enabled for application, existing connections will be terminated during restart
18424: 18:06:06.333 - Application will restart 1000ms after the last change detected
18424: 18:06:06.333 - Application will restart if files matching the following are changed: "dll;config"
18424: 18:06:06.333 - Application will NOT restart if files matching the following are changed: "log4net.config"
18424: 18:06:06.561 - Taking reference on default app domain
18424: 18:06:06.767 - Application: "LoginServer" started in app domain: 3
18424: 18:06:06.767 - About to load application: ChatServer from MGF.Photon
18424: 18:06:06.767 - Auto restart is enabled for application, existing connections will be terminated during restart
18424: 18:06:06.767 - Application will restart 1000ms after the last change detected
18424: 18:06:06.767 - Application will restart if files matching the following are changed: "dll;config"
18424: 18:06:06.767 - Application will NOT restart if files matching the following are changed: "log4net.config"
18424: 18:06:06.994 - Taking reference on default app domain
18424: 18:06:07.203 - Application: "ChatServer" started in app domain: 4
18424: 18:06:07.203 - About to load application: GameServer from MGF.Photon
18424: 18:06:07.203 - Auto restart is enabled for application, existing connections will be terminated during restart
18424: 18:06:07.203 - Application will restart 1000ms after the last change detected
18424: 18:06:07.203 - Application will restart if files matching the following are changed: "dll;config"
18424: 18:06:07.203 - Application will NOT restart if files matching the following are changed: "log4net.config"
18424: 18:06:07.471 - Taking reference on default app domain
18424: 18:06:07.702 - Application: "GameServer" started in app domain: 5
18424: 18:06:07.703 - Adding TCP listener on: 0.0.0.0: 4530 with a listen backlog of: 150
18424: 18:06:07.703 - TCP inactivity timeout: 10000ms
18424: 18:06:07.703 - TCP disconnect timeout: 120000ms
18424: 18:06:07.703 - MaxInboundMessageSize: 512000
18424: 18:06:07.703 - MaxOutboundMessageSize: 512000
18424: 18:06:07.703 - Forcing all applications ids to: "ProxyServer"
18424: 18:06:07.703 - Serving policy file requests from: "D:\Roman\FWO\PhotonSDK\deploy\Policy\assets\socket-policy.xml"
18424: 18:06:07.704 - Adding TCP listener on: 0.0.0.0: 4531 with a listen backlog of: 150
18424: 18:06:07.704 - TCP inactivity timeout: 10000ms
18424: 18:06:07.704 - TCP disconnect timeout: 120000ms
18424: 18:06:07.704 - MaxInboundMessageSize: 512000
18424: 18:06:07.704 - MaxOutboundMessageSize: 512000
18424: 18:06:07.704 - Forcing all applications ids to: "LoginServer"
18424: 18:06:07.704 - Serving policy file requests from: "D:\Roman\FWO\PhotonSDK\deploy\Policy\assets\socket-policy.xml"
18424: 18:06:07.704 - Adding TCP listener on: 0.0.0.0: 4532 with a listen backlog of: 150
18424: 18:06:07.704 - TCP inactivity timeout: 10000ms
18424: 18:06:07.704 - TCP disconnect timeout: 120000ms
18424: 18:06:07.704 - MaxInboundMessageSize: 512000
18424: 18:06:07.704 - MaxOutboundMessageSize: 512000
18424: 18:06:07.704 - Forcing all applications ids to: "ChatServer"
18424: 18:06:07.704 - Serving policy file requests from: "D:\Roman\FWO\PhotonSDK\deploy\Policy\assets\socket-policy.xml"
18424: 18:06:07.704 - Adding TCP listener on: 0.0.0.0: 4533 with a listen backlog of: 150
18424: 18:06:07.704 - TCP inactivity timeout: 10000ms
18424: 18:06:07.705 - TCP disconnect timeout: 120000ms
18424: 18:06:07.705 - MaxInboundMessageSize: 512000
18424: 18:06:07.705 - MaxOutboundMessageSize: 512000
18424: 18:06:07.705 - Forcing all applications ids to: "GameServer"
18424: 18:06:07.705 - Serving policy file requests from: "D:\Roman\FWO\PhotonSDK\deploy\Policy\assets\socket-policy.xml"
18424: 18:06:07.705 - Forcing all applications ids to: "ProxyServer"
18424: 18:06:07.705 - MaxInboundMessageSize: 512000
18424: 18:06:07.705 - MaxOutboundMessageSize: 512000
18424: 18:06:07.705 - UDP address specified as: "0.0.0.0" adding listener to each available IPv4 address
18424: 18:06:07.706 - Adding UDP listener on: 172.19.240.1: 5055 with a listen backlog of: 500
18424: 18:06:07.706 - Adding UDP listener on: 10.0.75.1: 5055 with a listen backlog of: 500
18424: 18:06:07.706 - Adding UDP listener on: 172.17.220.97: 5055 with a listen backlog of: 500
18424: 18:06:07.706 - Adding UDP listener on: 192.168.1.100: 5055 with a listen backlog of: 500
18424: 18:06:07.706 - Adding UDP listener on: 127.0.0.1: 5055 with a listen backlog of: 500
18424: 18:06:07.706 - Adding WebSocket TCP listener on: 0.0.0.0: 9090 with a listen backlog of: 150
18424: 18:06:07.706 - Nagle disabled
18424: 18:06:07.706 - TCP inactivity timeout: 10000ms
18424: 18:06:07.706 - MaxInboundMessageSize: 512000
18424: 18:06:07.706 - MaxOutboundMessageSize: 512000
18424: 18:06:07.706 - Forcing all applications ids to: "ProxyServer"
18424: 18:06:07.706 - Will accept ANY sub-protocols from the client
18424: 18:06:07.706 - No automatic WebSocket ping
18424: 18:06:07.707 - Adding Policy File listener on: 0.0.0.0: 843 with a listen backlog of: 150 and serving Policy File: "D:\Roman\FWO\PhotonSDK\deploy\Policy\assets\socket-policy.xml"
18424: 18:06:07.707 - TCP inactivity timeout: 10000ms
18424: 18:06:07.707 - Adding Policy File listener on: 0.0.0.0: 943 with a listen backlog of: 150 and serving Policy File: "D:\Roman\FWO\PhotonSDK\deploy\Policy\assets\socket-policy-silverlight.xml"
18424: 18:06:07.707 - TCP inactivity timeout: 10000ms
18424: 18:06:07.782 - Service is running...
18424: 18:06:40.377 - Service is stopped...
18424: 18:06:40.378 - Server shutting down...
18424: 18:06:40.378 - Shutdown monitoring enabled, 30000ms before process abort
18424: 18:06:40.378 - Notifying CLR applications of shutdown...
18424: 18:06:40.378 - RequestApplicationStop: 4
13624: 18:06:40.385 - CUDPSocketServer::OnError() - CUDPSocketServer::OnSendToCompletionError(): —делана попытка выполнить операцию на объекте, не €вл€ющемс€ сокетом.
18424: 18:06:40.386 - RequestApplicationStop: 5
18424: 18:06:40.397 - RequestApplicationStop: 3
18424: 18:06:40.406 - RequestApplicationStop: 2
18424: 18:06:40.410 - CUDPSocketServer::OnError() - CUDPSocketServer::OnSendToCompletionError(): —делана попытка выполнить операцию на объекте, не €вл€ющемс€ сокетом.
18424: 18:06:40.413 - RequestStop: defalt app domain
18424: 18:06:40.414 - Shutting down WebSocket Outbound Connection Manager...
18424: 18:06:40.414 - Shutting down TCP Outbound Connection Manager...
18424: 18:06:40.414 - Shutting down ENet Outbound Connection Manager...
18424: 18:06:40.414 - Disconnecting all outbound peers...
18424: 18:06:40.414 - Shutting down ENet host...
18424: 18:06:40.414 - Disconnecting all peers...
18424: 18:06:40.414 - Shutting down socket servers...
18424: 18:06:40.414 - Shutting down ENet thread pool...
18424: 18:06:40.414 - Shutting down TCP inactivity timers...
18424: 18:06:40.414 - WaitingForShutdownToComplete: NativePolicy:0.0.0.0:843
18424: 18:06:40.414 - OnShutdownCompleted: NativePolicy:0.0.0.0:843
18424: 18:06:40.414 - WaitingForShutdownToComplete: NativePolicy:0.0.0.0:943
18424: 18:06:40.414 - OnShutdownCompleted: NativePolicy:0.0.0.0:943
18424: 18:06:40.414 - WaitingForShutdownToComplete: TCP:0.0.0.0:4530
18424: 18:06:40.414 - OnShutdownCompleted: TCP:0.0.0.0:4530
18424: 18:06:40.414 - WaitingForShutdownToComplete: TCP:0.0.0.0:4531
18424: 18:06:40.414 - OnShutdownCompleted: TCP:0.0.0.0:4531
18424: 18:06:40.414 - WaitingForShutdownToComplete: TCP:0.0.0.0:4532
18424: 18:06:40.414 - OnShutdownCompleted: TCP:0.0.0.0:4532
18424: 18:06:40.414 - WaitingForShutdownToComplete: TCP:0.0.0.0:4533
18424: 18:06:40.414 - OnShutdownCompleted: TCP:0.0.0.0:4533
18424: 18:06:40.414 - WaitingForShutdownToComplete: UDP:10.0.75.1:5055
18424: 18:06:40.414 - OnShutdownCompleted: UDP:10.0.75.1:5055
18424: 18:06:40.414 - WaitingForShutdownToComplete: UDP:127.0.0.1:5055
18424: 18:06:40.414 - OnShutdownCompleted: UDP:127.0.0.1:5055
18424: 18:06:40.414 - WaitingForShutdownToComplete: UDP:172.17.220.97:5055
18424: 18:06:40.414 - OnShutdownCompleted: UDP:172.17.220.97:5055
18424: 18:06:40.414 - WaitingForShutdownToComplete: UDP:172.19.240.1:5055
18424: 18:06:40.414 - OnShutdownCompleted: UDP:172.19.240.1:5055
18424: 18:06:40.414 - WaitingForShutdownToComplete: UDP:192.168.1.100:5055
18424: 18:06:40.414 - OnShutdownCompleted: UDP:192.168.1.100:5055
18424: 18:06:40.414 - WaitingForShutdownToComplete: WebSocket:0.0.0.0:9090
18424: 18:06:40.414 - OnShutdownCompleted: WebSocket:0.0.0.0:9090
18424: 18:06:40.414 - Shutting down CLR applications...
14428: 18:06:40.435 - CManagedHost::OnDefaultAction() - OPR_AppDomainUnload - eUnloadAppDomain
18424: 18:06:40.440 - Shutting down business logic thread pool...
18424: 18:06:40.440 - Shutting down I/O thread pool...
18424: 18:06:40.441 - Destroying servers
18424: 18:06:40.441 - Destroying WebSocket Outbound Connection Manager
18424: 18:06:40.441 - Destroying TCP Outbound Connection Manager
18424: 18:06:40.442 - Destroying TCP inactivity timer
18424: 18:06:40.442 - Destroying ENet timer wheel
18424: 18:06:40.442 - Destroying ENet host
18424: 18:06:40.442 - Destroying ENet outbound host
18424: 18:06:40.442 - Destroying HTTP inactivity timer
18424: 18:06:40.442 - Destroying HTTP host
18424: 18:06:40.442 - Destroying HTTP Chunk host
18424: 18:06:40.442 - Flushing ENET buffer allocator...
18424: 18:06:40.444 - Flushing TCP buffer handle allocator...
18424: 18:06:40.444 - Flushing stream socket allocator...
18424: 18:06:40.444 - Flushing inbound datagram socket allocator...
18424: 18:06:40.446 - Flushing outbound datagram socket allocator...
18424: 18:06:40.446 - Destroying CLR dispatcher
18424: 18:06:40.446 - Destroying CLR applications
18424: 18:06:40.446 - ~CCLRApplicationCollection() - Waiting up to 10 seconds for the CLR to release all of our objects
23156: 18:06:40.484 - Unloading Domain: ApplicationName = 'ChatServer', DomainId='4'
14428: 18:06:40.484 - CManagedHost::OnDomainUnload() - 4
14428: 18:06:40.573 - CManagedHost::OnDefaultAction() - OPR_AppDomainUnload - eUnloadAppDomain
23156: 18:06:40.600 - Unloading Domain: ApplicationName = 'GameServer', DomainId='5'
14428: 18:06:40.603 - CManagedHost::OnDomainUnload() - 5
14428: 18:06:40.632 - CManagedHost::OnDefaultAction() - OPR_AppDomainUnload - eUnloadAppDomain
23156: 18:06:40.654 - Unloading Domain: ApplicationName = 'ProxyServer', DomainId='2'
14428: 18:06:40.836 - CManagedHost::OnDomainUnload() - 2
14428: 18:06:40.856 - CManagedHost::OnDefaultAction() - OPR_AppDomainUnload - eUnloadAppDomain
23156: 18:06:40.878 - Unloading Domain: ApplicationName = 'LoginServer', DomainId='3'
14428: 18:06:40.878 - CManagedHost::OnDomainUnload() - 3
18424: 18:06:40.894 - ~CCLRApplicationCollection() - Done. All objects released
18424: 18:06:40.894 - ~CManagedHost() - Release default app domain
18424: 18:06:40.894 - CManagedHost::OnDomainUnload() - 1
18424: 18:06:40.894 - ~CManagedHost() - Waiting up to 10 seconds for CLR shutdown...
18424: 18:06:40.894 - ~CManagedHost
18424: 18:06:40.894 - Destroying ENet thread pool
18424: 18:06:40.894 - Destroying Business logic thread pool
18424: 18:06:40.894 - Destroying I/O thread pool
18424: 18:06:40.894 - Destroying ENet buffer allocator
18424: 18:06:40.894 - Destroying TCP buffer allocator
18424: 18:06:40.894 - Destroying TCP socket allocator
18424: 18:06:40.894 - Destroying ENet inbound socket allocator
18424: 18:06:40.894 - Destroying ENet outbound socket allocator
18424: 18:06:40.894 - Destroying shared datagram flow control data
18424: 18:06:40.894 - Shutdown complete...
18424: 18:06:40.895 - Service shutting down
18424: 18:06:40.897 - Service shut down complete
