59540: 18:15:01.816 - ---
59540: 18:15:01.816 - Service: "Photon Socket Server" starting
59540: 18:15:01.817 - Config File: D:\Roman\FWO\PhotonSDK\deploy\bin_Win64\PhotonServer.config
59540: 18:15:01.819 - Will produce at most: 10 crash dumps
59540: 18:15:01.819 - Service shutting down
59540: 18:15:01.822 - Service shut down complete
22804: 18:30:08.749 - ---
22804: 18:30:08.749 - Service: "Photon Socket Server" starting
22804: 18:30:08.749 - Config File: D:\Roman\FWO\PhotonSDK\deploy\bin_Win64\PhotonServer.config
22804: 18:30:08.751 - Will produce at most: 10 crash dumps
22804: 18:30:08.751 - Service shutting down
22804: 18:30:08.753 - Service shut down complete
40844: 18:41:23.393 - ---
40844: 18:41:23.393 - Service: "Photon Socket Server" starting
40844: 18:41:23.393 - Config File: D:\Roman\FWO\PhotonSDK\deploy\bin_Win64\PhotonServer.config
40844: 18:41:23.395 - Will produce at most: 10 crash dumps
40844: 18:41:23.395 - Service shutting down
40844: 18:41:23.399 - Service shut down complete
31280: 18:44:36.298 - ---
31280: 18:44:36.298 - Service: "Photon Socket Server" starting
31280: 18:44:36.298 - Config File: D:\Roman\FWO\PhotonSDK\deploy\bin_Win64\PhotonServer.config
31280: 18:44:36.300 - Will produce at most: 10 crash dumps
31280: 18:44:36.300 - Service shutting down
31280: 18:44:36.305 - Service shut down complete
58172: 19:25:00.424 - ---
58172: 19:25:00.424 - Service: "Photon Socket Server" starting
58172: 19:25:00.425 - Config File: D:\Roman\FWO\PhotonSDK\deploy\bin_Win64\PhotonServer.config
58172: 19:25:00.426 - Will produce at most: 10 crash dumps
58172: 19:25:00.427 - Service shutting down
58172: 19:25:00.429 - Service shut down complete
55608: 20:43:59.502 - ---
55608: 20:43:59.502 - Service: "Photon Socket Server" starting
55608: 20:43:59.502 - Config File: D:\Roman\FWO\PhotonSDK\deploy\bin_Win64\PhotonServer.config
55608: 20:43:59.504 - Will produce at most: 10 crash dumps
55608: 20:43:59.504 - Service shutting down
55608: 20:43:59.509 - Service shut down complete
59452: 21:16:31.434 - ---
59452: 21:16:31.434 - Service: "Photon Socket Server" starting
59452: 21:16:31.434 - Config File: D:\Roman\FWO\PhotonSDK\deploy\bin_Win64\PhotonServer.config
59452: 21:16:31.436 - Will produce at most: 10 crash dumps
59452: 21:16:31.436 - Service shutting down
59452: 21:16:31.439 - Service shut down complete
59132: 21:47:54.985 - ---
59132: 21:47:54.985 - Service: "Photon Socket Server" starting
59132: 21:47:54.985 - Config File: D:\Roman\FWO\PhotonSDK\deploy\bin_Win64\PhotonServer.config
59132: 21:47:54.987 - Will produce at most: 10 crash dumps
59132: 21:47:54.987 - Service shutting down
59132: 21:47:54.989 - Service shut down complete
55084: 23:54:46.726 - ---
55084: 23:54:46.726 - Service: "Photon Socket Server" starting
55084: 23:54:46.726 - Config File: D:\Roman\FWO\PhotonSDK\deploy\bin_Win64\PhotonServer.config
55084: 23:54:46.728 - Will produce at most: 10 crash dumps
55084: 23:54:46.728 - Service shutting down
55084: 23:54:46.732 - Service shut down complete
