17376: 12:12:12.440 - ---
17376: 12:12:12.440 - Service: "Photon Socket Server" starting
17376: 12:12:12.440 - Config File: D:\Roman\FWO\PhotonSDK\deploy\bin_Win64\PhotonServer.config
17376: 12:12:12.442 - Will produce at most: 10 crash dumps
17376: 12:12:12.442 - Action: run as exe
17376: 12:12:12.443 - Server Starting...
17376: 12:12:12.443 -    Tick count: 2532203 (wraps in: 49.681 days)
17376: 12:12:12.443 - Tick count 64: 2532203
17376: 12:12:12.443 - Photon Version: 4.0.28.2962
17376: 12:12:12.443 - PID: 6324
17376: 12:12:12.443 - Config File: D:\Roman\FWO\PhotonSDK\deploy\bin_Win64\PhotonServer.config
17376: 12:12:12.443 - Will NOT log unimportant exceptions
17376: 12:12:12.446 - Not using performance counters as they are not currently installed. Run the service with /InstallCounters to install them.
17376: 12:12:12.446 - Shutdown timeout enabled: 30000ms
17376: 12:12:12.446 - Starting I/O thread pool with 2 threads
17376: 12:12:12.446 - Using Standard allocator
17376: 12:12:12.446 - Max message size: 512000
17376: 12:12:12.446 - Starting business logic thread pool with the following settings
17376: 12:12:12.446 - InitialThreads: 4 threads
17376: 12:12:12.446 - MinThreads: 4 threads
17376: 12:12:12.446 - Thread pool is fixed size
17376: 12:12:12.447 - Starting ENet thread pool with the following settings
17376: 12:12:12.447 - InitialThreads: 2 threads
17376: 12:12:12.447 - MinThreads: 2 threads
17376: 12:12:12.447 - Thread pool is fixed size
17376: 12:12:12.447 - OnlyDispatchTimers: False
17376: 12:12:12.447 - S2S: flow control: Max pending writes: 50
17376: 12:12:12.447 - S2S: flow control: Max queued buffers: 200
17376: 12:12:12.447 - S2S: flow control: Max pending writes MUX: 500
17376: 12:12:12.447 - S2S: flow control: Max queued buffers MUX: 2000
17376: 12:12:12.447 - S2S: MaxInboundMessageSize: 512000
17376: 12:12:12.447 - S2S: MaxOutboundMessageSize: 512000
17376: 12:12:12.447 - S2S: No inactivity timeout
17376: 12:12:12.461 - WebSocket S2S: MaxInboundMessageSize: 512000
17376: 12:12:12.461 - WebSocket S2S: MaxOutboundMessageSize: 512000
17376: 12:12:12.461 - WebSocket S2S: No inactivity timeout
17376: 12:12:12.461 - Max Reliable Data In Transit (awaiting ACKs) per peer : 51200 bytes
17376: 12:12:12.461 - Per peer bandwidth limit
17376: 12:12:12.461 - Transmit Rate Limit: 256 KB/Sec
17376: 12:12:12.461 - Limit period: 200ms
17376: 12:12:12.461 - Limit per period: 52428 bytes
17376: 12:12:12.461 - Max queued data for transmission per peer: 512000 bytes
17376: 12:12:12.461 - Minimum retransmit timeout: 200
17376: 12:12:12.461 - No Maximum retransmit timeout
17376: 12:12:12.461 - Minimum ENet timeout: 5000ms
17376: 12:12:12.461 - Maximum ENet timeout: 30000ms
17376: 12:12:12.461 - Max Inbound Reliable Data Queued (awaiting resends of earlier sequence numbers) per peer : 163840 bytes
17376: 12:12:12.461 - No RTT ACK adjustment timeout
17376: 12:12:12.461 - Outbound ENet: MaxInboundMessageSize: 512000
17376: 12:12:12.461 - Outbound ENet: MaxOutboundMessageSize: 512000
17376: 12:12:12.465 - GetRuntime - About to load CLR - versions available:
17376: 12:12:12.465 - v2.0.50727
17376: 12:12:12.465 - v4.0.30319
17376: 12:12:12.465 - Configuration requests: "v2.0.50727"
17376: 12:12:12.465 - About to load version: "v2.0.50727"
17376: 12:12:12.487 - About to load runtime: PhotonHostRuntime.PhotonDomainManager from PhotonHostRuntime, Culture=neutral, PublicKeyToken=02C301B61B060C4D
17376: 12:12:12.487 - CLRBaseDirectory set to "D:\Roman\FWO\PhotonSDK\deploy"
17376: 12:12:12.487 - Optimising event broadcast for 20 or more peers
17376: 12:12:12.487 - Start: About to load CLR - versions available:
17376: 12:12:12.487 - v2.0.50727
17376: 12:12:12.487 - v4.0.30319
17376: 12:12:12.487 - No preference in configuration file, will load latest.
17376: 12:12:12.487 - About to load version: "v4.0.30319"
17376: 12:12:12.489 - Loaded version: "v4.0.30319"
17376: 12:12:13.067 - Photon host runtime loaded
17376: 12:12:15.169 - License is valid.
17376: 12:12:15.169 - Licensed for 100 concurrent connections.
17376: 12:12:15.169 - ENet: Max Reliable Data In Transit (awaiting ACKs) per peer : 51200 bytes
17376: 12:12:15.169 - ENet: Per peer bandwidth limit
17376: 12:12:15.169 - ENet: Transmit Rate Limit: 256 KB/Sec
17376: 12:12:15.169 - ENet: Limit period: 200ms
17376: 12:12:15.169 - ENet: Limit per period: 52428 bytes
17376: 12:12:15.169 - ENet: Max queued data for transmission per peer: 512000 bytes
17376: 12:12:15.169 - ENet: Minimum retransmit timeout: 200
17376: 12:12:15.169 - No Maximum retransmit timeout
17376: 12:12:15.169 - ENet: Minimum timeout: 5000ms
17376: 12:12:15.169 - ENet: Maximum timeout: 30000ms
17376: 12:12:15.169 - ENet: Max Inbound Reliable Data Queued (awaiting resends of earlier sequence numbers) per peer : 163840 bytes
17376: 12:12:15.169 - No RTT ACK adjustment timeout
17376: 12:12:15.169 - About to load application: ProxyServer from MGF.Photon
17376: 12:12:15.169 - Auto restart is enabled for application, existing connections will be terminated during restart
17376: 12:12:15.169 - Application will restart 1000ms after the last change detected
17376: 12:12:15.169 - Application will restart if files matching the following are changed: "dll;config"
17376: 12:12:15.169 - Application will NOT restart if files matching the following are changed: "log4net.config"
17376: 12:12:15.426 - Taking reference on default app domain
17376: 12:12:15.687 - Application: "ProxyServer" started in app domain: 2
17376: 12:12:15.687 - About to load application: LoginServer from MGF.Photon
17376: 12:12:15.687 - Auto restart is enabled for application, existing connections will be terminated during restart
17376: 12:12:15.687 - Application will restart 1000ms after the last change detected
17376: 12:12:15.687 - Application will restart if files matching the following are changed: "dll;config"
17376: 12:12:15.687 - Application will NOT restart if files matching the following are changed: "log4net.config"
17376: 12:12:15.921 - Taking reference on default app domain
17376: 12:12:16.182 - Application: "LoginServer" started in app domain: 3
17376: 12:12:16.182 - About to load application: ChatServer from MGF.Photon
17376: 12:12:16.182 - Auto restart is enabled for application, existing connections will be terminated during restart
17376: 12:12:16.182 - Application will restart 1000ms after the last change detected
17376: 12:12:16.182 - Application will restart if files matching the following are changed: "dll;config"
17376: 12:12:16.182 - Application will NOT restart if files matching the following are changed: "log4net.config"
17376: 12:12:16.441 - Taking reference on default app domain
17376: 12:12:16.652 - Application: "ChatServer" started in app domain: 4
17376: 12:12:16.652 - About to load application: GameServer from MGF.Photon
17376: 12:12:16.652 - Auto restart is enabled for application, existing connections will be terminated during restart
17376: 12:12:16.652 - Application will restart 1000ms after the last change detected
17376: 12:12:16.652 - Application will restart if files matching the following are changed: "dll;config"
17376: 12:12:16.652 - Application will NOT restart if files matching the following are changed: "log4net.config"
17376: 12:12:16.875 - Taking reference on default app domain
17376: 12:12:17.120 - Application: "GameServer" started in app domain: 5
17376: 12:12:17.120 - Adding TCP listener on: 0.0.0.0: 4530 with a listen backlog of: 150
17376: 12:12:17.120 - TCP inactivity timeout: 10000ms
17376: 12:12:17.120 - TCP disconnect timeout: 120000ms
17376: 12:12:17.120 - MaxInboundMessageSize: 512000
17376: 12:12:17.120 - MaxOutboundMessageSize: 512000
17376: 12:12:17.120 - Forcing all applications ids to: "ProxyServer"
17376: 12:12:17.121 - Serving policy file requests from: "D:\Roman\FWO\PhotonSDK\deploy\Policy\assets\socket-policy.xml"
17376: 12:12:17.121 - Adding TCP listener on: 0.0.0.0: 4531 with a listen backlog of: 150
17376: 12:12:17.121 - TCP inactivity timeout: 10000ms
17376: 12:12:17.121 - TCP disconnect timeout: 120000ms
17376: 12:12:17.121 - MaxInboundMessageSize: 512000
17376: 12:12:17.121 - MaxOutboundMessageSize: 512000
17376: 12:12:17.121 - Forcing all applications ids to: "LoginServer"
17376: 12:12:17.121 - Serving policy file requests from: "D:\Roman\FWO\PhotonSDK\deploy\Policy\assets\socket-policy.xml"
17376: 12:12:17.121 - Adding TCP listener on: 0.0.0.0: 4532 with a listen backlog of: 150
17376: 12:12:17.121 - TCP inactivity timeout: 10000ms
17376: 12:12:17.121 - TCP disconnect timeout: 120000ms
17376: 12:12:17.121 - MaxInboundMessageSize: 512000
17376: 12:12:17.121 - MaxOutboundMessageSize: 512000
17376: 12:12:17.121 - Forcing all applications ids to: "ChatServer"
17376: 12:12:17.122 - Serving policy file requests from: "D:\Roman\FWO\PhotonSDK\deploy\Policy\assets\socket-policy.xml"
17376: 12:12:17.122 - Adding TCP listener on: 0.0.0.0: 4533 with a listen backlog of: 150
17376: 12:12:17.122 - TCP inactivity timeout: 10000ms
17376: 12:12:17.122 - TCP disconnect timeout: 120000ms
17376: 12:12:17.122 - MaxInboundMessageSize: 512000
17376: 12:12:17.122 - MaxOutboundMessageSize: 512000
17376: 12:12:17.122 - Forcing all applications ids to: "GameServer"
17376: 12:12:17.122 - Serving policy file requests from: "D:\Roman\FWO\PhotonSDK\deploy\Policy\assets\socket-policy.xml"
17376: 12:12:17.122 - Forcing all applications ids to: "ProxyServer"
17376: 12:12:17.122 - MaxInboundMessageSize: 512000
17376: 12:12:17.122 - MaxOutboundMessageSize: 512000
17376: 12:12:17.122 - UDP address specified as: "0.0.0.0" adding listener to each available IPv4 address
17376: 12:12:17.123 - Adding UDP listener on: 172.17.220.97: 5055 with a listen backlog of: 500
17376: 12:12:17.123 - Adding UDP listener on: 192.168.1.100: 5055 with a listen backlog of: 500
17376: 12:12:17.123 - Adding UDP listener on: 127.0.0.1: 5055 with a listen backlog of: 500
17376: 12:12:17.123 - Adding WebSocket TCP listener on: 0.0.0.0: 9090 with a listen backlog of: 150
17376: 12:12:17.123 - Nagle disabled
17376: 12:12:17.123 - TCP inactivity timeout: 10000ms
17376: 12:12:17.123 - MaxInboundMessageSize: 512000
17376: 12:12:17.123 - MaxOutboundMessageSize: 512000
17376: 12:12:17.123 - Forcing all applications ids to: "ProxyServer"
17376: 12:12:17.123 - Will accept ANY sub-protocols from the client
17376: 12:12:17.123 - No automatic WebSocket ping
17376: 12:12:17.123 - Adding Policy File listener on: 0.0.0.0: 843 with a listen backlog of: 150 and serving Policy File: "D:\Roman\FWO\PhotonSDK\deploy\Policy\assets\socket-policy.xml"
17376: 12:12:17.123 - TCP inactivity timeout: 10000ms
17376: 12:12:17.124 - Adding Policy File listener on: 0.0.0.0: 943 with a listen backlog of: 150 and serving Policy File: "D:\Roman\FWO\PhotonSDK\deploy\Policy\assets\socket-policy-silverlight.xml"
17376: 12:12:17.124 - TCP inactivity timeout: 10000ms
17376: 12:12:17.184 - Service is running...
14840: 12:18:48.211 - Restarting application: "LoginServer" due to file changes
14840: 12:18:48.211 - Application: "LoginServer" restart request (abort existing connections)
14840: 12:18:48.321 - Taking reference on default app domain
14840: 12:18:48.421 - Application: "LoginServer" started in app domain: 6
14840: 12:18:48.946 - RequestApplicationStop: 3
14840: 12:18:48.958 - Application: "LoginServer" stopped in app domain: 3 (abort existing connections)
14840: 12:18:48.958 - Application: "LoginServer" restart complete.
188: 12:18:48.958 - CManagedHost::OnDefaultAction() - OPR_AppDomainUnload - eUnloadAppDomain
14840: 12:18:48.958 - Restarting application: "GameServer" due to file changes
14840: 12:18:48.958 - Application: "GameServer" restart request (abort existing connections)
15336: 12:18:48.975 - Unloading Domain: ApplicationName = 'LoginServer', DomainId='3'
188: 12:18:48.975 - CManagedHost::OnDomainUnload() - 3
14840: 12:18:49.033 - Taking reference on default app domain
14840: 12:18:49.069 - Application: "GameServer" started in app domain: 7
14840: 12:18:49.578 - RequestApplicationStop: 5
14840: 12:18:49.589 - Application: "GameServer" stopped in app domain: 5 (abort existing connections)
14840: 12:18:49.589 - Application: "GameServer" restart complete.
14840: 12:18:49.589 - Restarting application: "ChatServer" due to file changes
14840: 12:18:49.589 - Application: "ChatServer" restart request (abort existing connections)
14840: 12:18:49.659 - Taking reference on default app domain
14840: 12:18:49.698 - Application: "ChatServer" started in app domain: 8
14840: 12:18:50.253 - RequestApplicationStop: 4
14840: 12:18:50.269 - Application: "ChatServer" stopped in app domain: 4 (abort existing connections)
14840: 12:18:50.269 - Application: "ChatServer" restart complete.
14840: 12:18:50.269 - Restarting application: "ProxyServer" due to file changes
14840: 12:18:50.269 - Application: "ProxyServer" restart request (abort existing connections)
14840: 12:18:50.350 - Taking reference on default app domain
14840: 12:18:50.389 - Application: "ProxyServer" started in app domain: 9
14840: 12:18:50.893 - RequestApplicationStop: 2
14840: 12:18:50.901 - Application: "ProxyServer" stopped in app domain: 2 (abort existing connections)
14840: 12:18:50.901 - Application: "ProxyServer" restart complete.
188: 12:18:50.943 - CManagedHost::OnDefaultAction() - OPR_AppDomainUnload - eUnloadAppDomain
15336: 12:18:50.971 - Unloading Domain: ApplicationName = 'ChatServer', DomainId='4'
188: 12:18:50.974 - CManagedHost::OnDomainUnload() - 4
188: 12:18:50.989 - CManagedHost::OnDefaultAction() - OPR_AppDomainUnload - eUnloadAppDomain
15336: 12:18:51.006 - Unloading Domain: ApplicationName = 'GameServer', DomainId='5'
188: 12:18:51.006 - CManagedHost::OnDomainUnload() - 5
188: 12:18:51.020 - CManagedHost::OnDefaultAction() - OPR_AppDomainUnload - eUnloadAppDomain
15336: 12:18:51.038 - Unloading Domain: ApplicationName = 'ProxyServer', DomainId='2'
188: 12:18:51.145 - CManagedHost::OnDomainUnload() - 2
14840: 12:27:44.253 - Restarting application: "LoginServer" due to file changes
14840: 12:27:44.253 - Application: "LoginServer" restart request (abort existing connections)
14840: 12:27:44.327 - Taking reference on default app domain
14840: 12:27:44.360 - Application: "LoginServer" started in app domain: 10
14840: 12:27:44.953 - RequestApplicationStop: 6
14840: 12:27:44.962 - Application: "LoginServer" stopped in app domain: 6 (abort existing connections)
14840: 12:27:44.962 - Application: "LoginServer" restart complete.
14840: 12:27:44.962 - Restarting application: "GameServer" due to file changes
14840: 12:27:44.962 - Application: "GameServer" restart request (abort existing connections)
188: 12:27:44.968 - CManagedHost::OnDefaultAction() - OPR_AppDomainUnload - eUnloadAppDomain
15336: 12:27:44.987 - Unloading Domain: ApplicationName = 'LoginServer', DomainId='6'
188: 12:27:44.987 - CManagedHost::OnDomainUnload() - 6
14840: 12:27:45.053 - Taking reference on default app domain
14840: 12:27:45.085 - Application: "GameServer" started in app domain: 11
14840: 12:27:45.615 - RequestApplicationStop: 7
14840: 12:27:45.624 - Application: "GameServer" stopped in app domain: 7 (abort existing connections)
14840: 12:27:45.624 - Application: "GameServer" restart complete.
14840: 12:27:45.624 - Restarting application: "ChatServer" due to file changes
14840: 12:27:45.624 - Application: "ChatServer" restart request (abort existing connections)
14840: 12:27:45.704 - Taking reference on default app domain
14840: 12:27:45.740 - Application: "ChatServer" started in app domain: 12
14840: 12:27:46.270 - RequestApplicationStop: 8
14840: 12:27:46.277 - Application: "ChatServer" stopped in app domain: 8 (abort existing connections)
14840: 12:27:46.277 - Application: "ChatServer" restart complete.
14840: 12:27:46.277 - Restarting application: "ProxyServer" due to file changes
14840: 12:27:46.277 - Application: "ProxyServer" restart request (abort existing connections)
14840: 12:27:46.347 - Taking reference on default app domain
14840: 12:27:46.389 - Application: "ProxyServer" started in app domain: 13
14840: 12:27:46.864 - RequestApplicationStop: 9
14840: 12:27:46.873 - Application: "ProxyServer" stopped in app domain: 9 (abort existing connections)
14840: 12:27:46.873 - Application: "ProxyServer" restart complete.
188: 12:27:46.894 - CManagedHost::OnDefaultAction() - OPR_AppDomainUnload - eUnloadAppDomain
15336: 12:27:46.912 - Unloading Domain: ApplicationName = 'GameServer', DomainId='7'
188: 12:27:46.912 - CManagedHost::OnDomainUnload() - 7
188: 12:27:46.930 - CManagedHost::OnDefaultAction() - OPR_AppDomainUnload - eUnloadAppDomain
15336: 12:27:46.946 - Unloading Domain: ApplicationName = 'ChatServer', DomainId='8'
188: 12:27:46.946 - CManagedHost::OnDomainUnload() - 8
188: 12:27:46.965 - CManagedHost::OnDefaultAction() - OPR_AppDomainUnload - eUnloadAppDomain
15336: 12:27:46.982 - Unloading Domain: ApplicationName = 'ProxyServer', DomainId='9'
188: 12:27:47.046 - CManagedHost::OnDomainUnload() - 9
14840: 12:43:12.453 - Restarting application: "LoginServer" due to file changes
14840: 12:43:12.453 - Application: "LoginServer" restart request (abort existing connections)
14840: 12:43:12.526 - Taking reference on default app domain
14840: 12:43:12.559 - Application: "LoginServer" started in app domain: 14
14840: 12:43:13.090 - RequestApplicationStop: 10
14840: 12:43:13.098 - Application: "LoginServer" stopped in app domain: 10 (abort existing connections)
14840: 12:43:13.098 - Application: "LoginServer" restart complete.
14840: 12:43:13.098 - Restarting application: "GameServer" due to file changes
14840: 12:43:13.098 - Application: "GameServer" restart request (abort existing connections)
188: 12:43:13.103 - CManagedHost::OnDefaultAction() - OPR_AppDomainUnload - eUnloadAppDomain
15336: 12:43:13.120 - Unloading Domain: ApplicationName = 'LoginServer', DomainId='10'
188: 12:43:13.120 - CManagedHost::OnDomainUnload() - 10
14840: 12:43:13.169 - Taking reference on default app domain
14840: 12:43:13.202 - Application: "GameServer" started in app domain: 15
14840: 12:43:13.706 - RequestApplicationStop: 11
14840: 12:43:13.715 - Application: "GameServer" stopped in app domain: 11 (abort existing connections)
14840: 12:43:13.715 - Application: "GameServer" restart complete.
14840: 12:43:13.715 - Restarting application: "ChatServer" due to file changes
14840: 12:43:13.715 - Application: "ChatServer" restart request (abort existing connections)
14840: 12:43:13.790 - Taking reference on default app domain
14840: 12:43:13.823 - Application: "ChatServer" started in app domain: 16
14840: 12:43:14.365 - RequestApplicationStop: 12
14840: 12:43:14.374 - Application: "ChatServer" stopped in app domain: 12 (abort existing connections)
14840: 12:43:14.374 - Application: "ChatServer" restart complete.
14840: 12:43:14.374 - Restarting application: "ProxyServer" due to file changes
14840: 12:43:14.374 - Application: "ProxyServer" restart request (abort existing connections)
14840: 12:43:14.450 - Taking reference on default app domain
14840: 12:43:14.487 - Application: "ProxyServer" started in app domain: 17
14840: 12:43:14.968 - RequestApplicationStop: 13
14840: 12:43:14.976 - Application: "ProxyServer" stopped in app domain: 13 (abort existing connections)
14840: 12:43:14.976 - Application: "ProxyServer" restart complete.
188: 12:43:14.995 - CManagedHost::OnDefaultAction() - OPR_AppDomainUnload - eUnloadAppDomain
15336: 12:43:15.013 - Unloading Domain: ApplicationName = 'GameServer', DomainId='11'
188: 12:43:15.013 - CManagedHost::OnDomainUnload() - 11
188: 12:43:15.031 - CManagedHost::OnDefaultAction() - OPR_AppDomainUnload - eUnloadAppDomain
15336: 12:43:15.046 - Unloading Domain: ApplicationName = 'ChatServer', DomainId='12'
188: 12:43:15.046 - CManagedHost::OnDomainUnload() - 12
188: 12:43:15.063 - CManagedHost::OnDefaultAction() - OPR_AppDomainUnload - eUnloadAppDomain
15336: 12:43:15.080 - Unloading Domain: ApplicationName = 'ProxyServer', DomainId='13'
188: 12:43:15.102 - CManagedHost::OnDomainUnload() - 13
17376: 13:12:59.955 - Service is stopped...
17376: 13:12:59.955 - Server shutting down...
17376: 13:12:59.955 - Shutdown monitoring enabled, 30000ms before process abort
17376: 13:12:59.956 - Notifying CLR applications of shutdown...
17376: 13:12:59.956 - RequestApplicationStop: 16
17376: 13:12:59.973 - RequestApplicationStop: 15
17376: 13:12:59.989 - RequestApplicationStop: 14
17376: 13:12:59.998 - RequestApplicationStop: 17
17376: 13:13:00.004 - RequestStop: defalt app domain
17376: 13:13:00.005 - Shutting down WebSocket Outbound Connection Manager...
17376: 13:13:00.005 - Shutting down TCP Outbound Connection Manager...
16048: 13:13:29.956 - Shutdown has timed out. Trying to abort process and exit....
