5116: 21:50:44.252 - ---
5116: 21:50:44.252 - Service: "Photon Socket Server" starting
5116: 21:50:44.252 - Config File: C:\Users\admin\Desktop\Projects\MMOProject\PhotonSDK\deploy\bin_Win64\PhotonServer.config
5116: 21:50:44.252 - Will produce at most: 10 crash dumps
5116: 21:50:44.252 - Service shutting down
5116: 21:50:44.253 - Service shut down complete
9116: 21:51:54.064 - ---
9116: 21:51:54.064 - Service: "Photon Socket Server" starting
9116: 21:51:54.064 - Config File: C:\Users\admin\Desktop\Projects\MMOProject\PhotonSDK\deploy\bin_Win64\PhotonServer.config
9116: 21:51:54.065 - Will produce at most: 10 crash dumps
9116: 21:51:54.065 - Service shutting down
9116: 21:51:54.066 - Service shut down complete
2800: 21:52:37.841 - ---
2800: 21:52:37.841 - Service: "Photon Socket Server" starting
2800: 21:52:37.842 - Config File: C:\Users\admin\Desktop\Projects\MMOProject\PhotonSDK\deploy\bin_Win64\PhotonServer.config
2800: 21:52:37.844 - Will produce at most: 10 crash dumps
2800: 21:52:37.844 - Service shutting down
2800: 21:52:37.847 - Service shut down complete
4840: 21:54:02.976 - ---
4840: 21:54:02.976 - Service: "Photon Socket Server" starting
4840: 21:54:02.976 - Config File: C:\Users\admin\Desktop\Projects\MMOProject\PhotonSDK\deploy\bin_Win64\PhotonServer.config
4840: 21:54:02.977 - Will produce at most: 10 crash dumps
4840: 21:54:02.977 - Service shutting down
4840: 21:54:02.977 - Service shut down complete
1740: 22:01:08.310 - ---
1740: 22:01:08.310 - Service: "Photon Socket Server" starting
1740: 22:01:08.310 - Config File: C:\Users\admin\Desktop\Projects\MMOProject\PhotonSDK\deploy\bin_Win64\PhotonServer.config
1740: 22:01:08.311 - Will produce at most: 10 crash dumps
1740: 22:01:08.311 - Service shutting down
1740: 22:01:08.312 - Service shut down complete
