53356: 19:38:39.120 - ---
53356: 19:38:39.120 - Service: "Photon Socket Server" starting
53356: 19:38:39.120 - Config File: D:\Roman\FWO\PhotonSDK\deploy\bin_Win64\PhotonServer.config
53356: 19:38:39.122 - Will produce at most: 10 crash dumps
53356: 19:38:39.122 - Action: run as exe
53356: 19:38:39.123 - Server Starting...
53356: 19:38:39.123 -    Tick count: 2275203421 (wraps in: 23.3769 days)
53356: 19:38:39.123 - Tick count 64: 2275203421
53356: 19:38:39.123 - Photon Version: 4.0.28.2962
53356: 19:38:39.123 - PID: 59940
53356: 19:38:39.123 - Config File: D:\Roman\FWO\PhotonSDK\deploy\bin_Win64\PhotonServer.config
53356: 19:38:39.123 - Will NOT log unimportant exceptions
53356: 19:38:39.126 - Not using performance counters as they are not currently installed. Run the service with /InstallCounters to install them.
53356: 19:38:39.126 - Shutdown timeout enabled: 30000ms
53356: 19:38:39.126 - Starting I/O thread pool with 2 threads
53356: 19:38:39.126 - Using Standard allocator
53356: 19:38:39.126 - Max message size: 512000
53356: 19:38:39.127 - Starting business logic thread pool with the following settings
53356: 19:38:39.127 - InitialThreads: 4 threads
53356: 19:38:39.127 - MinThreads: 4 threads
53356: 19:38:39.127 - Thread pool is fixed size
53356: 19:38:39.127 - Starting ENet thread pool with the following settings
53356: 19:38:39.127 - InitialThreads: 2 threads
53356: 19:38:39.127 - MinThreads: 2 threads
53356: 19:38:39.127 - Thread pool is fixed size
53356: 19:38:39.127 - OnlyDispatchTimers: False
53356: 19:38:39.127 - S2S: flow control: Max pending writes: 50
53356: 19:38:39.127 - S2S: flow control: Max queued buffers: 200
53356: 19:38:39.127 - S2S: flow control: Max pending writes MUX: 500
53356: 19:38:39.127 - S2S: flow control: Max queued buffers MUX: 2000
53356: 19:38:39.127 - S2S: MaxInboundMessageSize: 512000
53356: 19:38:39.127 - S2S: MaxOutboundMessageSize: 512000
53356: 19:38:39.127 - S2S: No inactivity timeout
53356: 19:38:39.132 - WebSocket S2S: MaxInboundMessageSize: 512000
53356: 19:38:39.132 - WebSocket S2S: MaxOutboundMessageSize: 512000
53356: 19:38:39.132 - WebSocket S2S: No inactivity timeout
53356: 19:38:39.132 - Max Reliable Data In Transit (awaiting ACKs) per peer : 51200 bytes
53356: 19:38:39.132 - Per peer bandwidth limit
53356: 19:38:39.132 - Transmit Rate Limit: 256 KB/Sec
53356: 19:38:39.132 - Limit period: 200ms
53356: 19:38:39.132 - Limit per period: 52428 bytes
53356: 19:38:39.132 - Max queued data for transmission per peer: 512000 bytes
53356: 19:38:39.132 - Minimum retransmit timeout: 200
53356: 19:38:39.132 - No Maximum retransmit timeout
53356: 19:38:39.132 - Minimum ENet timeout: 5000ms
53356: 19:38:39.132 - Maximum ENet timeout: 30000ms
53356: 19:38:39.132 - Max Inbound Reliable Data Queued (awaiting resends of earlier sequence numbers) per peer : 163840 bytes
53356: 19:38:39.132 - No RTT ACK adjustment timeout
53356: 19:38:39.132 - Outbound ENet: MaxInboundMessageSize: 512000
53356: 19:38:39.132 - Outbound ENet: MaxOutboundMessageSize: 512000
53356: 19:38:39.134 - GetRuntime - About to load CLR - versions available:
53356: 19:38:39.134 - v2.0.50727
53356: 19:38:39.134 - v4.0.30319
53356: 19:38:39.134 - Configuration requests: "v2.0.50727"
53356: 19:38:39.134 - About to load version: "v2.0.50727"
53356: 19:38:39.207 - About to load runtime: PhotonHostRuntime.PhotonDomainManager from PhotonHostRuntime, Culture=neutral, PublicKeyToken=02C301B61B060C4D
53356: 19:38:39.207 - CLRBaseDirectory set to "D:\Roman\FWO\PhotonSDK\deploy"
53356: 19:38:39.207 - Optimising event broadcast for 20 or more peers
53356: 19:38:39.208 - Start: About to load CLR - versions available:
53356: 19:38:39.208 - v2.0.50727
53356: 19:38:39.208 - v4.0.30319
53356: 19:38:39.208 - No preference in configuration file, will load latest.
53356: 19:38:39.208 - About to load version: "v4.0.30319"
53356: 19:38:39.210 - Loaded version: "v4.0.30319"
53356: 19:38:39.469 - Photon host runtime loaded
53356: 19:38:41.564 - License is valid.
53356: 19:38:41.564 - Licensed for 100 concurrent connections.
53356: 19:38:41.564 - ENet: Max Reliable Data In Transit (awaiting ACKs) per peer : 51200 bytes
53356: 19:38:41.564 - ENet: Per peer bandwidth limit
53356: 19:38:41.564 - ENet: Transmit Rate Limit: 256 KB/Sec
53356: 19:38:41.564 - ENet: Limit period: 200ms
53356: 19:38:41.564 - ENet: Limit per period: 52428 bytes
53356: 19:38:41.564 - ENet: Max queued data for transmission per peer: 512000 bytes
53356: 19:38:41.564 - ENet: Minimum retransmit timeout: 200
53356: 19:38:41.564 - No Maximum retransmit timeout
53356: 19:38:41.564 - ENet: Minimum timeout: 5000ms
53356: 19:38:41.564 - ENet: Maximum timeout: 30000ms
53356: 19:38:41.564 - ENet: Max Inbound Reliable Data Queued (awaiting resends of earlier sequence numbers) per peer : 163840 bytes
53356: 19:38:41.564 - No RTT ACK adjustment timeout
53356: 19:38:41.564 - About to load application: ProxyServer from MGF.Photon
53356: 19:38:41.564 - Auto restart is enabled for application, existing connections will be terminated during restart
53356: 19:38:41.564 - Application will restart 1000ms after the last change detected
53356: 19:38:41.564 - Application will restart if files matching the following are changed: "dll;config"
53356: 19:38:41.564 - Application will NOT restart if files matching the following are changed: "log4net.config"
53356: 19:38:41.663 - Taking reference on default app domain
53356: 19:38:41.703 - Application: "ProxyServer" started in app domain: 2
53356: 19:38:41.703 - About to load application: LoginServer from MGF.Photon
53356: 19:38:41.703 - Auto restart is enabled for application, existing connections will be terminated during restart
53356: 19:38:41.703 - Application will restart 1000ms after the last change detected
53356: 19:38:41.703 - Application will restart if files matching the following are changed: "dll;config"
53356: 19:38:41.703 - Application will NOT restart if files matching the following are changed: "log4net.config"
53356: 19:38:41.772 - Taking reference on default app domain
53356: 19:38:41.811 - Application: "LoginServer" started in app domain: 3
53356: 19:38:41.811 - About to load application: ChatServer from MGF.Photon
53356: 19:38:41.811 - Auto restart is enabled for application, existing connections will be terminated during restart
53356: 19:38:41.811 - Application will restart 1000ms after the last change detected
53356: 19:38:41.811 - Application will restart if files matching the following are changed: "dll;config"
53356: 19:38:41.811 - Application will NOT restart if files matching the following are changed: "log4net.config"
53356: 19:38:41.880 - Taking reference on default app domain
53356: 19:38:41.917 - Application: "ChatServer" started in app domain: 4
53356: 19:38:41.917 - About to load application: GameServer from MGF.Photon
53356: 19:38:41.917 - Auto restart is enabled for application, existing connections will be terminated during restart
53356: 19:38:41.917 - Application will restart 1000ms after the last change detected
53356: 19:38:41.917 - Application will restart if files matching the following are changed: "dll;config"
53356: 19:38:41.917 - Application will NOT restart if files matching the following are changed: "log4net.config"
53356: 19:38:41.986 - Taking reference on default app domain
53356: 19:38:42.026 - Application: "GameServer" started in app domain: 5
53356: 19:38:42.026 - Adding TCP listener on: 0.0.0.0: 4530 with a listen backlog of: 150
53356: 19:38:42.026 - TCP inactivity timeout: 10000ms
53356: 19:38:42.026 - TCP disconnect timeout: 120000ms
53356: 19:38:42.026 - MaxInboundMessageSize: 512000
53356: 19:38:42.026 - MaxOutboundMessageSize: 512000
53356: 19:38:42.026 - Forcing all applications ids to: "ProxyServer"
53356: 19:38:42.026 - Serving policy file requests from: "D:\Roman\FWO\PhotonSDK\deploy\Policy\assets\socket-policy.xml"
53356: 19:38:42.026 - Adding TCP listener on: 0.0.0.0: 4531 with a listen backlog of: 150
53356: 19:38:42.026 - TCP inactivity timeout: 10000ms
53356: 19:38:42.026 - TCP disconnect timeout: 120000ms
53356: 19:38:42.026 - MaxInboundMessageSize: 512000
53356: 19:38:42.026 - MaxOutboundMessageSize: 512000
53356: 19:38:42.026 - Forcing all applications ids to: "LoginServer"
53356: 19:38:42.026 - Serving policy file requests from: "D:\Roman\FWO\PhotonSDK\deploy\Policy\assets\socket-policy.xml"
53356: 19:38:42.026 - Adding TCP listener on: 0.0.0.0: 4532 with a listen backlog of: 150
53356: 19:38:42.026 - TCP inactivity timeout: 10000ms
53356: 19:38:42.026 - TCP disconnect timeout: 120000ms
53356: 19:38:42.026 - MaxInboundMessageSize: 512000
53356: 19:38:42.026 - MaxOutboundMessageSize: 512000
53356: 19:38:42.026 - Forcing all applications ids to: "ChatServer"
53356: 19:38:42.027 - Serving policy file requests from: "D:\Roman\FWO\PhotonSDK\deploy\Policy\assets\socket-policy.xml"
53356: 19:38:42.027 - Adding TCP listener on: 0.0.0.0: 4533 with a listen backlog of: 150
53356: 19:38:42.027 - TCP inactivity timeout: 10000ms
53356: 19:38:42.027 - TCP disconnect timeout: 120000ms
53356: 19:38:42.027 - MaxInboundMessageSize: 512000
53356: 19:38:42.027 - MaxOutboundMessageSize: 512000
53356: 19:38:42.027 - Forcing all applications ids to: "GameServer"
53356: 19:38:42.027 - Serving policy file requests from: "D:\Roman\FWO\PhotonSDK\deploy\Policy\assets\socket-policy.xml"
53356: 19:38:42.027 - Forcing all applications ids to: "ProxyServer"
53356: 19:38:42.027 - MaxInboundMessageSize: 512000
53356: 19:38:42.027 - MaxOutboundMessageSize: 512000
53356: 19:38:42.027 - UDP address specified as: "0.0.0.0" adding listener to each available IPv4 address
53356: 19:38:42.027 - Adding UDP listener on: 172.17.220.97: 5055 with a listen backlog of: 500
53356: 19:38:42.027 - Adding UDP listener on: 192.168.1.100: 5055 with a listen backlog of: 500
53356: 19:38:42.027 - Adding UDP listener on: 127.0.0.1: 5055 with a listen backlog of: 500
53356: 19:38:42.028 - Adding WebSocket TCP listener on: 0.0.0.0: 9090 with a listen backlog of: 150
53356: 19:38:42.028 - Nagle disabled
53356: 19:38:42.028 - TCP inactivity timeout: 10000ms
53356: 19:38:42.028 - MaxInboundMessageSize: 512000
53356: 19:38:42.028 - MaxOutboundMessageSize: 512000
53356: 19:38:42.028 - Forcing all applications ids to: "ProxyServer"
53356: 19:38:42.028 - Will accept ANY sub-protocols from the client
53356: 19:38:42.028 - No automatic WebSocket ping
53356: 19:38:42.028 - Adding Policy File listener on: 0.0.0.0: 843 with a listen backlog of: 150 and serving Policy File: "D:\Roman\FWO\PhotonSDK\deploy\Policy\assets\socket-policy.xml"
53356: 19:38:42.028 - TCP inactivity timeout: 10000ms
53356: 19:38:42.028 - Adding Policy File listener on: 0.0.0.0: 943 with a listen backlog of: 150 and serving Policy File: "D:\Roman\FWO\PhotonSDK\deploy\Policy\assets\socket-policy-silverlight.xml"
53356: 19:38:42.028 - TCP inactivity timeout: 10000ms
53356: 19:38:42.079 - Service is running...
53356: 19:50:38.235 - Service is stopped...
53356: 19:50:38.235 - Server shutting down...
53356: 19:50:38.235 - Shutdown monitoring enabled, 30000ms before process abort
53356: 19:50:38.235 - Notifying CLR applications of shutdown...
53356: 19:50:38.235 - RequestApplicationStop: 4
53356: 19:50:38.449 - RequestApplicationStop: 5
53356: 19:50:38.459 - RequestApplicationStop: 3
53356: 19:50:38.469 - RequestApplicationStop: 2
53356: 19:50:38.476 - RequestStop: defalt app domain
53356: 19:50:38.477 - Shutting down WebSocket Outbound Connection Manager...
53356: 19:50:38.477 - Shutting down TCP Outbound Connection Manager...
53356: 19:50:38.477 - Shutting down ENet Outbound Connection Manager...
53356: 19:50:38.477 - Disconnecting all outbound peers...
53356: 19:50:38.477 - Shutting down ENet host...
53356: 19:50:38.477 - Disconnecting all peers...
53356: 19:50:38.477 - Shutting down socket servers...
53356: 19:50:38.477 - Shutting down ENet thread pool...
53356: 19:50:38.478 - Shutting down TCP inactivity timers...
53356: 19:50:38.478 - WaitingForShutdownToComplete: NativePolicy:0.0.0.0:843
53356: 19:50:38.478 - OnShutdownCompleted: NativePolicy:0.0.0.0:843
53356: 19:50:38.478 - WaitingForShutdownToComplete: NativePolicy:0.0.0.0:943
53356: 19:50:38.478 - OnShutdownCompleted: NativePolicy:0.0.0.0:943
53356: 19:50:38.478 - WaitingForShutdownToComplete: TCP:0.0.0.0:4530
53356: 19:50:38.478 - OnShutdownCompleted: TCP:0.0.0.0:4530
53356: 19:50:38.478 - WaitingForShutdownToComplete: TCP:0.0.0.0:4531
53356: 19:50:38.478 - OnShutdownCompleted: TCP:0.0.0.0:4531
53356: 19:50:38.478 - WaitingForShutdownToComplete: TCP:0.0.0.0:4532
53356: 19:50:38.478 - OnShutdownCompleted: TCP:0.0.0.0:4532
53356: 19:50:38.478 - WaitingForShutdownToComplete: TCP:0.0.0.0:4533
53356: 19:50:38.478 - OnShutdownCompleted: TCP:0.0.0.0:4533
53356: 19:50:38.478 - WaitingForShutdownToComplete: UDP:127.0.0.1:5055
53356: 19:50:38.478 - OnShutdownCompleted: UDP:127.0.0.1:5055
53356: 19:50:38.478 - WaitingForShutdownToComplete: UDP:172.17.220.97:5055
53356: 19:50:38.478 - OnShutdownCompleted: UDP:172.17.220.97:5055
53356: 19:50:38.478 - WaitingForShutdownToComplete: UDP:192.168.1.100:5055
53356: 19:50:38.478 - OnShutdownCompleted: UDP:192.168.1.100:5055
53356: 19:50:38.478 - WaitingForShutdownToComplete: WebSocket:0.0.0.0:9090
53356: 19:50:38.478 - OnShutdownCompleted: WebSocket:0.0.0.0:9090
53356: 19:50:38.478 - Shutting down CLR applications...
55820: 19:50:38.481 - CManagedHost::OnDefaultAction() - OPR_AppDomainUnload - eUnloadAppDomain
53356: 19:50:38.491 - Shutting down business logic thread pool...
53356: 19:50:38.491 - Shutting down I/O thread pool...
53356: 19:50:38.491 - Destroying servers
53356: 19:50:38.492 - Destroying WebSocket Outbound Connection Manager
53356: 19:50:38.492 - Destroying TCP Outbound Connection Manager
53356: 19:50:38.492 - Destroying TCP inactivity timer
53356: 19:50:38.492 - Destroying ENet timer wheel
53356: 19:50:38.492 - Destroying ENet host
53356: 19:50:38.492 - Destroying ENet outbound host
53356: 19:50:38.492 - Destroying HTTP inactivity timer
53356: 19:50:38.492 - Destroying HTTP host
53356: 19:50:38.492 - Destroying HTTP Chunk host
53356: 19:50:38.492 - Flushing ENET buffer allocator...
53356: 19:50:38.493 - Flushing TCP buffer handle allocator...
53356: 19:50:38.493 - Flushing stream socket allocator...
53356: 19:50:38.494 - Flushing inbound datagram socket allocator...
53356: 19:50:38.495 - Flushing outbound datagram socket allocator...
53356: 19:50:38.495 - Destroying CLR dispatcher
53356: 19:50:38.495 - Destroying CLR applications
53356: 19:50:38.496 - ~CCLRApplicationCollection() - Waiting up to 10 seconds for the CLR to release all of our objects
50292: 19:50:38.498 - Unloading Domain: ApplicationName = 'ChatServer', DomainId='4'
55820: 19:50:38.499 - CManagedHost::OnDomainUnload() - 4
55820: 19:50:38.556 - CManagedHost::OnDefaultAction() - OPR_AppDomainUnload - eUnloadAppDomain
50292: 19:50:38.588 - Unloading Domain: ApplicationName = 'GameServer', DomainId='5'
55820: 19:50:38.594 - CManagedHost::OnDomainUnload() - 5
55820: 19:50:38.612 - CManagedHost::OnDefaultAction() - OPR_AppDomainUnload - eUnloadAppDomain
50292: 19:50:38.628 - Unloading Domain: ApplicationName = 'ProxyServer', DomainId='2'
55820: 19:50:38.670 - CManagedHost::OnDomainUnload() - 2
55820: 19:50:38.690 - CManagedHost::OnDefaultAction() - OPR_AppDomainUnload - eUnloadAppDomain
50292: 19:50:38.705 - Unloading Domain: ApplicationName = 'LoginServer', DomainId='3'
55820: 19:50:38.706 - CManagedHost::OnDomainUnload() - 3
53356: 19:50:38.721 - ~CCLRApplicationCollection() - Done. All objects released
53356: 19:50:38.722 - ~CManagedHost() - Release default app domain
53356: 19:50:38.722 - CManagedHost::OnDomainUnload() - 1
53356: 19:50:38.722 - ~CManagedHost() - Waiting up to 10 seconds for CLR shutdown...
53356: 19:50:38.722 - ~CManagedHost
53356: 19:50:38.722 - Destroying ENet thread pool
53356: 19:50:38.722 - Destroying Business logic thread pool
53356: 19:50:38.722 - Destroying I/O thread pool
53356: 19:50:38.722 - Destroying ENet buffer allocator
53356: 19:50:38.722 - Destroying TCP buffer allocator
53356: 19:50:38.722 - Destroying TCP socket allocator
53356: 19:50:38.722 - Destroying ENet inbound socket allocator
53356: 19:50:38.722 - Destroying ENet outbound socket allocator
53356: 19:50:38.722 - Destroying shared datagram flow control data
53356: 19:50:38.722 - Shutdown complete...
53356: 19:50:38.722 - Service shutting down
53356: 19:50:38.725 - Service shut down complete
