13392: 15:51:56.448 - ---
13392: 15:51:56.448 - Service: "Photon Socket Server" starting
13392: 15:51:56.449 - Config File: D:\Roman\FWO\PhotonSDK\deploy\bin_Win64\PhotonServer.config
13392: 15:51:56.451 - Will produce at most: 10 crash dumps
13392: 15:51:56.451 - Action: run as exe
13392: 15:51:56.451 - Server Starting...
13392: 15:51:56.452 -    Tick count: 958432218 (wraps in: 38.6173 days)
13392: 15:51:56.452 - Tick count 64: 958432218
13392: 15:51:56.452 - Photon Version: 4.0.28.2962
13392: 15:51:56.452 - PID: 14328
13392: 15:51:56.452 - Config File: D:\Roman\FWO\PhotonSDK\deploy\bin_Win64\PhotonServer.config
13392: 15:51:56.452 - Will NOT log unimportant exceptions
13392: 15:51:56.455 - Not using performance counters as they are not currently installed. Run the service with /InstallCounters to install them.
13392: 15:51:56.456 - Shutdown timeout enabled: 30000ms
13392: 15:51:56.456 - Starting I/O thread pool with 2 threads
13392: 15:51:56.456 - Using Standard allocator
13392: 15:51:56.456 - Max message size: 512000
13392: 15:51:56.456 - Starting business logic thread pool with the following settings
13392: 15:51:56.456 - InitialThreads: 4 threads
13392: 15:51:56.456 - MinThreads: 4 threads
13392: 15:51:56.456 - Thread pool is fixed size
13392: 15:51:56.457 - Starting ENet thread pool with the following settings
13392: 15:51:56.457 - InitialThreads: 2 threads
13392: 15:51:56.457 - MinThreads: 2 threads
13392: 15:51:56.457 - Thread pool is fixed size
13392: 15:51:56.457 - OnlyDispatchTimers: False
13392: 15:51:56.457 - S2S: flow control: Max pending writes: 50
13392: 15:51:56.457 - S2S: flow control: Max queued buffers: 200
13392: 15:51:56.457 - S2S: flow control: Max pending writes MUX: 500
13392: 15:51:56.457 - S2S: flow control: Max queued buffers MUX: 2000
13392: 15:51:56.457 - S2S: MaxInboundMessageSize: 512000
13392: 15:51:56.457 - S2S: MaxOutboundMessageSize: 512000
13392: 15:51:56.457 - S2S: No inactivity timeout
13392: 15:51:56.472 - WebSocket S2S: MaxInboundMessageSize: 512000
13392: 15:51:56.472 - WebSocket S2S: MaxOutboundMessageSize: 512000
13392: 15:51:56.472 - WebSocket S2S: No inactivity timeout
13392: 15:51:56.472 - Max Reliable Data In Transit (awaiting ACKs) per peer : 51200 bytes
13392: 15:51:56.472 - Per peer bandwidth limit
13392: 15:51:56.472 - Transmit Rate Limit: 256 KB/Sec
13392: 15:51:56.472 - Limit period: 200ms
13392: 15:51:56.472 - Limit per period: 52428 bytes
13392: 15:51:56.472 - Max queued data for transmission per peer: 512000 bytes
13392: 15:51:56.472 - Minimum retransmit timeout: 200
13392: 15:51:56.472 - No Maximum retransmit timeout
13392: 15:51:56.472 - Minimum ENet timeout: 5000ms
13392: 15:51:56.472 - Maximum ENet timeout: 30000ms
13392: 15:51:56.472 - Max Inbound Reliable Data Queued (awaiting resends of earlier sequence numbers) per peer : 163840 bytes
13392: 15:51:56.472 - No RTT ACK adjustment timeout
13392: 15:51:56.472 - Outbound ENet: MaxInboundMessageSize: 512000
13392: 15:51:56.472 - Outbound ENet: MaxOutboundMessageSize: 512000
13392: 15:51:56.478 - GetRuntime - About to load CLR - versions available:
13392: 15:51:56.478 - v2.0.50727
13392: 15:51:56.478 - v4.0.30319
13392: 15:51:56.478 - Configuration requests: "v2.0.50727"
13392: 15:51:56.478 - About to load version: "v2.0.50727"
13392: 15:51:56.534 - About to load runtime: PhotonHostRuntime.PhotonDomainManager from PhotonHostRuntime, Culture=neutral, PublicKeyToken=02C301B61B060C4D
13392: 15:51:56.534 - CLRBaseDirectory set to "D:\Roman\FWO\PhotonSDK\deploy"
13392: 15:51:56.534 - Optimising event broadcast for 20 or more peers
13392: 15:51:56.535 - Start: About to load CLR - versions available:
13392: 15:51:56.535 - v2.0.50727
13392: 15:51:56.535 - v4.0.30319
13392: 15:51:56.535 - No preference in configuration file, will load latest.
13392: 15:51:56.535 - About to load version: "v4.0.30319"
13392: 15:51:56.537 - Loaded version: "v4.0.30319"
13392: 15:51:56.915 - Photon host runtime loaded
13392: 15:51:59.048 - License is valid.
13392: 15:51:59.048 - Licensed for 100 concurrent connections.
13392: 15:51:59.048 - ENet: Max Reliable Data In Transit (awaiting ACKs) per peer : 51200 bytes
13392: 15:51:59.048 - ENet: Per peer bandwidth limit
13392: 15:51:59.048 - ENet: Transmit Rate Limit: 256 KB/Sec
13392: 15:51:59.048 - ENet: Limit period: 200ms
13392: 15:51:59.048 - ENet: Limit per period: 52428 bytes
13392: 15:51:59.048 - ENet: Max queued data for transmission per peer: 512000 bytes
13392: 15:51:59.048 - ENet: Minimum retransmit timeout: 200
13392: 15:51:59.048 - No Maximum retransmit timeout
13392: 15:51:59.048 - ENet: Minimum timeout: 5000ms
13392: 15:51:59.048 - ENet: Maximum timeout: 30000ms
13392: 15:51:59.048 - ENet: Max Inbound Reliable Data Queued (awaiting resends of earlier sequence numbers) per peer : 163840 bytes
13392: 15:51:59.048 - No RTT ACK adjustment timeout
13392: 15:51:59.048 - About to load application: ProxyServer from MGF.Photon
13392: 15:51:59.048 - Auto restart is enabled for application, existing connections will be terminated during restart
13392: 15:51:59.048 - Application will restart 1000ms after the last change detected
13392: 15:51:59.048 - Application will restart if files matching the following are changed: "dll;config"
13392: 15:51:59.048 - Application will NOT restart if files matching the following are changed: "log4net.config"
13392: 15:51:59.231 - Taking reference on default app domain
13392: 15:51:59.398 - Application: "ProxyServer" started in app domain: 2
13392: 15:51:59.398 - About to load application: LoginServer from MGF.Photon
13392: 15:51:59.398 - Auto restart is enabled for application, existing connections will be terminated during restart
13392: 15:51:59.398 - Application will restart 1000ms after the last change detected
13392: 15:51:59.398 - Application will restart if files matching the following are changed: "dll;config"
13392: 15:51:59.398 - Application will NOT restart if files matching the following are changed: "log4net.config"
13392: 15:51:59.567 - Taking reference on default app domain
13392: 15:51:59.746 - Application: "LoginServer" started in app domain: 3
13392: 15:51:59.746 - About to load application: ChatServer from MGF.Photon
13392: 15:51:59.746 - Auto restart is enabled for application, existing connections will be terminated during restart
13392: 15:51:59.746 - Application will restart 1000ms after the last change detected
13392: 15:51:59.746 - Application will restart if files matching the following are changed: "dll;config"
13392: 15:51:59.746 - Application will NOT restart if files matching the following are changed: "log4net.config"
13392: 15:51:59.916 - Taking reference on default app domain
13392: 15:52:00.065 - Application: "ChatServer" started in app domain: 4
13392: 15:52:00.065 - About to load application: GameServer from MGF.Photon
13392: 15:52:00.065 - Auto restart is enabled for application, existing connections will be terminated during restart
13392: 15:52:00.065 - Application will restart 1000ms after the last change detected
13392: 15:52:00.065 - Application will restart if files matching the following are changed: "dll;config"
13392: 15:52:00.065 - Application will NOT restart if files matching the following are changed: "log4net.config"
13392: 15:52:00.215 - Taking reference on default app domain
13392: 15:52:00.344 - Application: "GameServer" started in app domain: 5
13392: 15:52:00.344 - Adding TCP listener on: 0.0.0.0: 4530 with a listen backlog of: 150
13392: 15:52:00.344 - TCP inactivity timeout: 10000ms
13392: 15:52:00.344 - TCP disconnect timeout: 120000ms
13392: 15:52:00.344 - MaxInboundMessageSize: 512000
13392: 15:52:00.344 - MaxOutboundMessageSize: 512000
13392: 15:52:00.344 - Forcing all applications ids to: "ProxyServer"
13392: 15:52:00.344 - Serving policy file requests from: "D:\Roman\FWO\PhotonSDK\deploy\Policy\assets\socket-policy.xml"
13392: 15:52:00.344 - Adding TCP listener on: 0.0.0.0: 4531 with a listen backlog of: 150
13392: 15:52:00.344 - TCP inactivity timeout: 10000ms
13392: 15:52:00.344 - TCP disconnect timeout: 120000ms
13392: 15:52:00.344 - MaxInboundMessageSize: 512000
13392: 15:52:00.344 - MaxOutboundMessageSize: 512000
13392: 15:52:00.344 - Forcing all applications ids to: "LoginServer"
13392: 15:52:00.345 - Serving policy file requests from: "D:\Roman\FWO\PhotonSDK\deploy\Policy\assets\socket-policy.xml"
13392: 15:52:00.345 - Adding TCP listener on: 0.0.0.0: 4532 with a listen backlog of: 150
13392: 15:52:00.345 - TCP inactivity timeout: 10000ms
13392: 15:52:00.345 - TCP disconnect timeout: 120000ms
13392: 15:52:00.345 - MaxInboundMessageSize: 512000
13392: 15:52:00.345 - MaxOutboundMessageSize: 512000
13392: 15:52:00.345 - Forcing all applications ids to: "ChatServer"
13392: 15:52:00.345 - Serving policy file requests from: "D:\Roman\FWO\PhotonSDK\deploy\Policy\assets\socket-policy.xml"
13392: 15:52:00.345 - Adding TCP listener on: 0.0.0.0: 4533 with a listen backlog of: 150
13392: 15:52:00.345 - TCP inactivity timeout: 10000ms
13392: 15:52:00.345 - TCP disconnect timeout: 120000ms
13392: 15:52:00.345 - MaxInboundMessageSize: 512000
13392: 15:52:00.345 - MaxOutboundMessageSize: 512000
13392: 15:52:00.345 - Forcing all applications ids to: "GameServer"
13392: 15:52:00.345 - Serving policy file requests from: "D:\Roman\FWO\PhotonSDK\deploy\Policy\assets\socket-policy.xml"
13392: 15:52:00.345 - Forcing all applications ids to: "ProxyServer"
13392: 15:52:00.345 - MaxInboundMessageSize: 512000
13392: 15:52:00.345 - MaxOutboundMessageSize: 512000
13392: 15:52:00.345 - UDP address specified as: "0.0.0.0" adding listener to each available IPv4 address
13392: 15:52:00.346 - Adding UDP listener on: 172.19.240.1: 5055 with a listen backlog of: 500
13392: 15:52:00.346 - Adding UDP listener on: 10.0.75.1: 5055 with a listen backlog of: 500
13392: 15:52:00.346 - Adding UDP listener on: 172.17.220.97: 5055 with a listen backlog of: 500
13392: 15:52:00.346 - Adding UDP listener on: 192.168.1.100: 5055 with a listen backlog of: 500
13392: 15:52:00.346 - Adding UDP listener on: 127.0.0.1: 5055 with a listen backlog of: 500
13392: 15:52:00.346 - Adding WebSocket TCP listener on: 0.0.0.0: 9090 with a listen backlog of: 150
13392: 15:52:00.346 - Nagle disabled
13392: 15:52:00.346 - TCP inactivity timeout: 10000ms
13392: 15:52:00.346 - MaxInboundMessageSize: 512000
13392: 15:52:00.346 - MaxOutboundMessageSize: 512000
13392: 15:52:00.346 - Forcing all applications ids to: "ProxyServer"
13392: 15:52:00.346 - Will accept ANY sub-protocols from the client
13392: 15:52:00.346 - No automatic WebSocket ping
13392: 15:52:00.347 - Adding Policy File listener on: 0.0.0.0: 843 with a listen backlog of: 150 and serving Policy File: "D:\Roman\FWO\PhotonSDK\deploy\Policy\assets\socket-policy.xml"
13392: 15:52:00.347 - TCP inactivity timeout: 10000ms
13392: 15:52:00.347 - Adding Policy File listener on: 0.0.0.0: 943 with a listen backlog of: 150 and serving Policy File: "D:\Roman\FWO\PhotonSDK\deploy\Policy\assets\socket-policy-silverlight.xml"
13392: 15:52:00.347 - TCP inactivity timeout: 10000ms
13392: 15:52:30.148 - Service is running...
13392: 16:09:19.959 - Service is stopped...
13392: 16:09:19.960 - Server shutting down...
13392: 16:09:19.960 - Shutdown monitoring enabled, 30000ms before process abort
13392: 16:09:19.960 - Notifying CLR applications of shutdown...
13392: 16:09:19.960 - RequestApplicationStop: 4
13392: 16:09:20.005 - RequestApplicationStop: 5
13392: 16:09:20.012 - RequestApplicationStop: 3
13392: 16:09:20.020 - RequestApplicationStop: 2
13392: 16:09:20.026 - RequestStop: defalt app domain
13392: 16:09:20.027 - Shutting down WebSocket Outbound Connection Manager...
13392: 16:09:20.027 - Shutting down TCP Outbound Connection Manager...
13288: 16:09:49.960 - Shutdown has timed out. Trying to abort process and exit....
